{"/home/eduradolm/Documents/REQ-2026.1-T01-ProntoCare/back/app.js": {"path":"/home/eduradolm/Documents/REQ-2026.1-T01-ProntoCare/back/app.js","statementMap":{"0":{"start":{"line":1,"column":16},"end":{"line":1,"column":34}},"1":{"start":{"line":2,"column":13},"end":{"line":2,"column":28}},"2":{"start":{"line":3,"column":0},"end":{"line":3,"column":27}},"3":{"start":{"line":5,"column":19},"end":{"line":5,"column":47}},"4":{"start":{"line":6,"column":22},"end":{"line":6,"column":53}},"5":{"start":{"line":7,"column":24},"end":{"line":7,"column":57}},"6":{"start":{"line":8,"column":27},"end":{"line":8,"column":63}},"7":{"start":{"line":9,"column":24},"end":{"line":9,"column":57}},"8":{"start":{"line":10,"column":19},"end":{"line":10,"column":47}},"9":{"start":{"line":11,"column":25},"end":{"line":11,"column":59}},"10":{"start":{"line":13,"column":12},"end":{"line":13,"column":21}},"11":{"start":{"line":15,"column":0},"end":{"line":15,"column":16}},"12":{"start":{"line":16,"column":0},"end":{"line":16,"column":24}},"13":{"start":{"line":18,"column":0},"end":{"line":20,"column":3}},"14":{"start":{"line":19,"column":2},"end":{"line":19,"column":66}},"15":{"start":{"line":22,"column":0},"end":{"line":22,"column":33}},"16":{"start":{"line":23,"column":0},"end":{"line":23,"column":39}},"17":{"start":{"line":24,"column":0},"end":{"line":24,"column":43}},"18":{"start":{"line":25,"column":0},"end":{"line":25,"column":49}},"19":{"start":{"line":26,"column":0},"end":{"line":26,"column":43}},"20":{"start":{"line":27,"column":0},"end":{"line":27,"column":33}},"21":{"start":{"line":28,"column":0},"end":{"line":28,"column":45}},"22":{"start":{"line":30,"column":0},"end":{"line":32,"column":3}},"23":{"start":{"line":31,"column":2},"end":{"line":31,"column":52}},"24":{"start":{"line":34,"column":0},"end":{"line":34,"column":21}}},"fnMap":{"0":{"name":"(anonymous_0)","decl":{"start":{"line":18,"column":23},"end":{"line":18,"column":24}},"loc":{"start":{"line":18,"column":37},"end":{"line":20,"column":1}},"line":18},"1":{"name":"(anonymous_1)","decl":{"start":{"line":30,"column":8},"end":{"line":30,"column":9}},"loc":{"start":{"line":30,"column":22},"end":{"line":32,"column":1}},"line":30}},"branchMap":{},"s":{"0":7,"1":7,"2":7,"3":7,"4":7,"5":7,"6":7,"7":7,"8":7,"9":7,"10":7,"11":7,"12":7,"13":7,"14":0,"15":7,"16":7,"17":7,"18":7,"19":7,"20":7,"21":7,"22":7,"23":0,"24":7},"f":{"0":0,"1":0},"b":{},"_coverageSchema":"1a1c01bbd47fc00a2c39e90264f33305004495a9","hash":"c36195cdf037431dbe9051f00a23f57e0d1f3804"}
,"/home/eduradolm/Documents/REQ-2026.1-T01-ProntoCare/back/src/controllers/anamneses.js": {"path":"/home/eduradolm/Documents/REQ-2026.1-T01-ProntoCare/back/src/controllers/anamneses.js","statementMap":{"0":{"start":{"line":1,"column":13},"end":{"line":1,"column":29}},"1":{"start":{"line":2,"column":43},"end":{"line":2,"column":74}},"2":{"start":{"line":4,"column":27},"end":{"line":4,"column":39}},"3":{"start":{"line":11,"column":36},"end":{"line":11,"column":44}},"4":{"start":{"line":13,"column":2},"end":{"line":13,"column":86}},"5":{"start":{"line":13,"column":20},"end":{"line":13,"column":86}},"6":{"start":{"line":14,"column":2},"end":{"line":16,"column":3}},"7":{"start":{"line":15,"column":4},"end":{"line":15,"column":78}},"8":{"start":{"line":18,"column":2},"end":{"line":47,"column":3}},"9":{"start":{"line":20,"column":21},"end":{"line":20,"column":105}},"10":{"start":{"line":21,"column":4},"end":{"line":21,"column":102}},"11":{"start":{"line":21,"column":36},"end":{"line":21,"column":102}},"12":{"start":{"line":22,"column":4},"end":{"line":24,"column":5}},"13":{"start":{"line":23,"column":6},"end":{"line":23,"column":62}},"14":{"start":{"line":26,"column":21},"end":{"line":31,"column":5}},"15":{"start":{"line":34,"column":4},"end":{"line":41,"column":7}},"16":{"start":{"line":43,"column":4},"end":{"line":43,"column":41}},"17":{"start":{"line":45,"column":4},"end":{"line":45,"column":58}},"18":{"start":{"line":46,"column":4},"end":{"line":46,"column":59}},"19":{"start":{"line":54,"column":2},"end":{"line":86,"column":3}},"20":{"start":{"line":55,"column":28},"end":{"line":55,"column":37}},"21":{"start":{"line":57,"column":16},"end":{"line":65,"column":5}},"22":{"start":{"line":66,"column":17},"end":{"line":66,"column":19}},"23":{"start":{"line":67,"column":21},"end":{"line":67,"column":22}},"24":{"start":{"line":69,"column":4},"end":{"line":72,"column":5}},"25":{"start":{"line":70,"column":6},"end":{"line":70,"column":53}},"26":{"start":{"line":71,"column":6},"end":{"line":71,"column":31}},"27":{"start":{"line":74,"column":4},"end":{"line":77,"column":5}},"28":{"start":{"line":75,"column":6},"end":{"line":75,"column":55}},"29":{"start":{"line":76,"column":6},"end":{"line":76,"column":31}},"30":{"start":{"line":79,"column":4},"end":{"line":79,"column":42}},"31":{"start":{"line":81,"column":21},"end":{"line":81,"column":52}},"32":{"start":{"line":82,"column":4},"end":{"line":82,"column":26}},"33":{"start":{"line":84,"column":4},"end":{"line":84,"column":60}},"34":{"start":{"line":85,"column":4},"end":{"line":85,"column":59}},"35":{"start":{"line":93,"column":17},"end":{"line":93,"column":27}},"36":{"start":{"line":94,"column":2},"end":{"line":118,"column":3}},"37":{"start":{"line":95,"column":21},"end":{"line":105,"column":5}},"38":{"start":{"line":107,"column":4},"end":{"line":107,"column":93}},"39":{"start":{"line":107,"column":27},"end":{"line":107,"column":93}},"40":{"start":{"line":109,"column":21},"end":{"line":109,"column":28}},"41":{"start":{"line":110,"column":4},"end":{"line":112,"column":5}},"42":{"start":{"line":111,"column":6},"end":{"line":111,"column":62}},"43":{"start":{"line":114,"column":4},"end":{"line":114,"column":30}},"44":{"start":{"line":116,"column":4},"end":{"line":116,"column":59}},"45":{"start":{"line":117,"column":4},"end":{"line":117,"column":59}},"46":{"start":{"line":125,"column":25},"end":{"line":125,"column":35}},"47":{"start":{"line":126,"column":2},"end":{"line":153,"column":3}},"48":{"start":{"line":127,"column":4},"end":{"line":137,"column":5}},"49":{"start":{"line":128,"column":23},"end":{"line":128,"column":106}},"50":{"start":{"line":129,"column":6},"end":{"line":129,"column":104}},"51":{"start":{"line":129,"column":38},"end":{"line":129,"column":104}},"52":{"start":{"line":130,"column":6},"end":{"line":132,"column":7}},"53":{"start":{"line":131,"column":8},"end":{"line":131,"column":64}},"54":{"start":{"line":133,"column":11},"end":{"line":137,"column":5}},"55":{"start":{"line":134,"column":6},"end":{"line":136,"column":7}},"56":{"start":{"line":135,"column":8},"end":{"line":135,"column":64}},"57":{"start":{"line":139,"column":21},"end":{"line":147,"column":5}},"58":{"start":{"line":149,"column":4},"end":{"line":149,"column":26}},"59":{"start":{"line":151,"column":4},"end":{"line":151,"column":73}},"60":{"start":{"line":152,"column":4},"end":{"line":152,"column":59}},"61":{"start":{"line":160,"column":17},"end":{"line":160,"column":27}},"62":{"start":{"line":161,"column":23},"end":{"line":161,"column":31}},"63":{"start":{"line":163,"column":2},"end":{"line":202,"column":3}},"64":{"start":{"line":164,"column":19},"end":{"line":167,"column":5}},"65":{"start":{"line":168,"column":4},"end":{"line":168,"column":100}},"66":{"start":{"line":168,"column":34},"end":{"line":168,"column":100}},"67":{"start":{"line":169,"column":18},"end":{"line":169,"column":32}},"68":{"start":{"line":170,"column":4},"end":{"line":172,"column":5}},"69":{"start":{"line":171,"column":6},"end":{"line":171,"column":62}},"70":{"start":{"line":174,"column":4},"end":{"line":174,"column":100}},"71":{"start":{"line":174,"column":32},"end":{"line":174,"column":100}},"72":{"start":{"line":175,"column":4},"end":{"line":177,"column":5}},"73":{"start":{"line":176,"column":6},"end":{"line":176,"column":90}},"74":{"start":{"line":179,"column":21},"end":{"line":183,"column":5}},"75":{"start":{"line":184,"column":19},"end":{"line":184,"column":26}},"76":{"start":{"line":187,"column":4},"end":{"line":196,"column":7}},"77":{"start":{"line":198,"column":4},"end":{"line":198,"column":28}},"78":{"start":{"line":200,"column":4},"end":{"line":200,"column":62}},"79":{"start":{"line":201,"column":4},"end":{"line":201,"column":59}},"80":{"start":{"line":209,"column":17},"end":{"line":209,"column":27}},"81":{"start":{"line":210,"column":2},"end":{"line":240,"column":3}},"82":{"start":{"line":211,"column":19},"end":{"line":211,"column":118}},"83":{"start":{"line":212,"column":4},"end":{"line":212,"column":100}},"84":{"start":{"line":212,"column":34},"end":{"line":212,"column":100}},"85":{"start":{"line":213,"column":4},"end":{"line":215,"column":5}},"86":{"start":{"line":214,"column":6},"end":{"line":214,"column":62}},"87":{"start":{"line":218,"column":21},"end":{"line":218,"column":55}},"88":{"start":{"line":219,"column":17},"end":{"line":219,"column":27}},"89":{"start":{"line":220,"column":19},"end":{"line":220,"column":97}},"90":{"start":{"line":221,"column":4},"end":{"line":223,"column":5}},"91":{"start":{"line":222,"column":6},"end":{"line":222,"column":181}},"92":{"start":{"line":226,"column":4},"end":{"line":233,"column":7}},"93":{"start":{"line":235,"column":4},"end":{"line":235,"column":66}},"94":{"start":{"line":236,"column":4},"end":{"line":236,"column":68}},"95":{"start":{"line":238,"column":4},"end":{"line":238,"column":60}},"96":{"start":{"line":239,"column":4},"end":{"line":239,"column":59}},"97":{"start":{"line":243,"column":0},"end":{"line":243,"column":87}}},"fnMap":{"0":{"name":"criar","decl":{"start":{"line":10,"column":15},"end":{"line":10,"column":20}},"loc":{"start":{"line":10,"column":31},"end":{"line":48,"column":1}},"line":10},"1":{"name":"listar","decl":{"start":{"line":53,"column":15},"end":{"line":53,"column":21}},"loc":{"start":{"line":53,"column":32},"end":{"line":87,"column":1}},"line":53},"2":{"name":"buscarPorId","decl":{"start":{"line":92,"column":15},"end":{"line":92,"column":26}},"loc":{"start":{"line":92,"column":37},"end":{"line":119,"column":1}},"line":92},"3":{"name":"historicoPaciente","decl":{"start":{"line":124,"column":15},"end":{"line":124,"column":32}},"loc":{"start":{"line":124,"column":43},"end":{"line":154,"column":1}},"line":124},"4":{"name":"atualizar","decl":{"start":{"line":159,"column":15},"end":{"line":159,"column":24}},"loc":{"start":{"line":159,"column":35},"end":{"line":203,"column":1}},"line":159},"5":{"name":"excluir","decl":{"start":{"line":208,"column":15},"end":{"line":208,"column":22}},"loc":{"start":{"line":208,"column":33},"end":{"line":241,"column":1}},"line":208}},"branchMap":{"0":{"loc":{"start":{"line":13,"column":2},"end":{"line":13,"column":86}},"type":"if","locations":[{"start":{"line":13,"column":2},"end":{"line":13,"column":86}},{"start":{},"end":{}}],"line":13},"1":{"loc":{"start":{"line":14,"column":2},"end":{"line":16,"column":3}},"type":"if","locations":[{"start":{"line":14,"column":2},"end":{"line":16,"column":3}},{"start":{},"end":{}}],"line":14},"2":{"loc":{"start":{"line":14,"column":6},"end":{"line":14,"column":35}},"type":"binary-expr","locations":[{"start":{"line":14,"column":6},"end":{"line":14,"column":15}},{"start":{"line":14,"column":19},"end":{"line":14,"column":35}}],"line":14},"3":{"loc":{"start":{"line":21,"column":4},"end":{"line":21,"column":102}},"type":"if","locations":[{"start":{"line":21,"column":4},"end":{"line":21,"column":102}},{"start":{},"end":{}}],"line":21},"4":{"loc":{"start":{"line":22,"column":4},"end":{"line":24,"column":5}},"type":"if","locations":[{"start":{"line":22,"column":4},"end":{"line":24,"column":5}},{"start":{},"end":{}}],"line":22},"5":{"loc":{"start":{"line":22,"column":8},"end":{"line":22,"column":80}},"type":"binary-expr","locations":[{"start":{"line":22,"column":8},"end":{"line":22,"column":34}},{"start":{"line":22,"column":38},"end":{"line":22,"column":80}}],"line":22},"6":{"loc":{"start":{"line":69,"column":4},"end":{"line":72,"column":5}},"type":"if","locations":[{"start":{"line":69,"column":4},"end":{"line":72,"column":5}},{"start":{},"end":{}}],"line":69},"7":{"loc":{"start":{"line":74,"column":4},"end":{"line":77,"column":5}},"type":"if","locations":[{"start":{"line":74,"column":4},"end":{"line":77,"column":5}},{"start":{},"end":{}}],"line":74},"8":{"loc":{"start":{"line":107,"column":4},"end":{"line":107,"column":93}},"type":"if","locations":[{"start":{"line":107,"column":4},"end":{"line":107,"column":93}},{"start":{},"end":{}}],"line":107},"9":{"loc":{"start":{"line":110,"column":4},"end":{"line":112,"column":5}},"type":"if","locations":[{"start":{"line":110,"column":4},"end":{"line":112,"column":5}},{"start":{},"end":{}}],"line":110},"10":{"loc":{"start":{"line":110,"column":8},"end":{"line":110,"column":72}},"type":"binary-expr","locations":[{"start":{"line":110,"column":8},"end":{"line":110,"column":34}},{"start":{"line":110,"column":38},"end":{"line":110,"column":72}}],"line":110},"11":{"loc":{"start":{"line":127,"column":4},"end":{"line":137,"column":5}},"type":"if","locations":[{"start":{"line":127,"column":4},"end":{"line":137,"column":5}},{"start":{"line":133,"column":11},"end":{"line":137,"column":5}}],"line":127},"12":{"loc":{"start":{"line":129,"column":6},"end":{"line":129,"column":104}},"type":"if","locations":[{"start":{"line":129,"column":6},"end":{"line":129,"column":104}},{"start":{},"end":{}}],"line":129},"13":{"loc":{"start":{"line":130,"column":6},"end":{"line":132,"column":7}},"type":"if","locations":[{"start":{"line":130,"column":6},"end":{"line":132,"column":7}},{"start":{},"end":{}}],"line":130},"14":{"loc":{"start":{"line":133,"column":11},"end":{"line":137,"column":5}},"type":"if","locations":[{"start":{"line":133,"column":11},"end":{"line":137,"column":5}},{"start":{},"end":{}}],"line":133},"15":{"loc":{"start":{"line":134,"column":6},"end":{"line":136,"column":7}},"type":"if","locations":[{"start":{"line":134,"column":6},"end":{"line":136,"column":7}},{"start":{},"end":{}}],"line":134},"16":{"loc":{"start":{"line":168,"column":4},"end":{"line":168,"column":100}},"type":"if","locations":[{"start":{"line":168,"column":4},"end":{"line":168,"column":100}},{"start":{},"end":{}}],"line":168},"17":{"loc":{"start":{"line":170,"column":4},"end":{"line":172,"column":5}},"type":"if","locations":[{"start":{"line":170,"column":4},"end":{"line":172,"column":5}},{"start":{},"end":{}}],"line":170},"18":{"loc":{"start":{"line":170,"column":8},"end":{"line":170,"column":69}},"type":"binary-expr","locations":[{"start":{"line":170,"column":8},"end":{"line":170,"column":34}},{"start":{"line":170,"column":38},"end":{"line":170,"column":69}}],"line":170},"19":{"loc":{"start":{"line":174,"column":4},"end":{"line":174,"column":100}},"type":"if","locations":[{"start":{"line":174,"column":4},"end":{"line":174,"column":100}},{"start":{},"end":{}}],"line":174},"20":{"loc":{"start":{"line":175,"column":4},"end":{"line":177,"column":5}},"type":"if","locations":[{"start":{"line":175,"column":4},"end":{"line":177,"column":5}},{"start":{},"end":{}}],"line":175},"21":{"loc":{"start":{"line":175,"column":8},"end":{"line":175,"column":65}},"type":"binary-expr","locations":[{"start":{"line":175,"column":8},"end":{"line":175,"column":30}},{"start":{"line":175,"column":35},"end":{"line":175,"column":44}},{"start":{"line":175,"column":48},"end":{"line":175,"column":64}}],"line":175},"22":{"loc":{"start":{"line":212,"column":4},"end":{"line":212,"column":100}},"type":"if","locations":[{"start":{"line":212,"column":4},"end":{"line":212,"column":100}},{"start":{},"end":{}}],"line":212},"23":{"loc":{"start":{"line":213,"column":4},"end":{"line":215,"column":5}},"type":"if","locations":[{"start":{"line":213,"column":4},"end":{"line":215,"column":5}},{"start":{},"end":{}}],"line":213},"24":{"loc":{"start":{"line":213,"column":8},"end":{"line":213,"column":78}},"type":"binary-expr","locations":[{"start":{"line":213,"column":8},"end":{"line":213,"column":34}},{"start":{"line":213,"column":38},"end":{"line":213,"column":78}}],"line":213},"25":{"loc":{"start":{"line":221,"column":4},"end":{"line":223,"column":5}},"type":"if","locations":[{"start":{"line":221,"column":4},"end":{"line":223,"column":5}},{"start":{},"end":{}}],"line":221}},"s":{"0":7,"1":7,"2":7,"3":3,"4":3,"5":0,"6":3,"7":1,"8":2,"9":2,"10":2,"11":0,"12":2,"13":1,"14":1,"15":1,"16":1,"17":0,"18":0,"19":1,"20":1,"21":1,"22":1,"23":1,"24":1,"25":1,"26":1,"27":1,"28":0,"29":0,"30":1,"31":1,"32":1,"33":0,"34":0,"35":2,"36":2,"37":2,"38":2,"39":0,"40":2,"41":2,"42":1,"43":1,"44":0,"45":0,"46":1,"47":1,"48":1,"49":1,"50":1,"51":0,"52":1,"53":0,"54":0,"55":0,"56":0,"57":1,"58":1,"59":0,"60":0,"61":1,"62":1,"63":1,"64":1,"65":1,"66":0,"67":1,"68":1,"69":0,"70":1,"71":0,"72":1,"73":0,"74":1,"75":1,"76":1,"77":1,"78":0,"79":0,"80":2,"81":2,"82":2,"83":2,"84":0,"85":2,"86":0,"87":2,"88":2,"89":2,"90":2,"91":1,"92":1,"93":1,"94":1,"95":0,"96":0,"97":7},"f":{"0":3,"1":1,"2":2,"3":1,"4":1,"5":2},"b":{"0":[0,3],"1":[1,2],"2":[3,2],"3":[0,2],"4":[1,1],"5":[2,2],"6":[1,0],"7":[0,1],"8":[0,2],"9":[1,1],"10":[2,2],"11":[1,0],"12":[0,1],"13":[0,1],"14":[0,0],"15":[0,0],"16":[0,1],"17":[0,1],"18":[1,1],"19":[0,1],"20":[0,1],"21":[1,1,1],"22":[0,2],"23":[0,2],"24":[2,2],"25":[1,1]},"_coverageSchema":"1a1c01bbd47fc00a2c39e90264f33305004495a9","hash":"1f5554b7fceb5d08020ccf579f5db61e3dc50fc1"}
,"/home/eduradolm/Documents/REQ-2026.1-T01-ProntoCare/back/src/controllers/atendimentos.js": {"path":"/home/eduradolm/Documents/REQ-2026.1-T01-ProntoCare/back/src/controllers/atendimentos.js","statementMap":{"0":{"start":{"line":1,"column":13},"end":{"line":1,"column":29}},"1":{"start":{"line":2,"column":43},"end":{"line":2,"column":74}},"2":{"start":{"line":5,"column":27},"end":{"line":5,"column":113}},"3":{"start":{"line":13,"column":79},"end":{"line":13,"column":87}},"4":{"start":{"line":15,"column":2},"end":{"line":15,"column":86}},"5":{"start":{"line":15,"column":20},"end":{"line":15,"column":86}},"6":{"start":{"line":18,"column":2},"end":{"line":20,"column":3}},"7":{"start":{"line":19,"column":4},"end":{"line":19,"column":83}},"8":{"start":{"line":22,"column":2},"end":{"line":57,"column":3}},"9":{"start":{"line":24,"column":21},"end":{"line":24,"column":105}},"10":{"start":{"line":25,"column":4},"end":{"line":25,"column":102}},"11":{"start":{"line":25,"column":36},"end":{"line":25,"column":102}},"12":{"start":{"line":26,"column":4},"end":{"line":28,"column":5}},"13":{"start":{"line":27,"column":6},"end":{"line":27,"column":62}},"14":{"start":{"line":31,"column":14},"end":{"line":31,"column":18}},"15":{"start":{"line":32,"column":4},"end":{"line":34,"column":5}},"16":{"start":{"line":33,"column":6},"end":{"line":33,"column":82}},"17":{"start":{"line":36,"column":21},"end":{"line":41,"column":5}},"18":{"start":{"line":44,"column":4},"end":{"line":51,"column":7}},"19":{"start":{"line":53,"column":4},"end":{"line":53,"column":41}},"20":{"start":{"line":55,"column":4},"end":{"line":55,"column":61}},"21":{"start":{"line":56,"column":4},"end":{"line":56,"column":59}},"22":{"start":{"line":65,"column":2},"end":{"line":100,"column":3}},"23":{"start":{"line":66,"column":28},"end":{"line":66,"column":37}},"24":{"start":{"line":68,"column":16},"end":{"line":78,"column":5}},"25":{"start":{"line":79,"column":17},"end":{"line":79,"column":19}},"26":{"start":{"line":80,"column":21},"end":{"line":80,"column":22}},"27":{"start":{"line":83,"column":4},"end":{"line":86,"column":5}},"28":{"start":{"line":84,"column":6},"end":{"line":84,"column":53}},"29":{"start":{"line":85,"column":6},"end":{"line":85,"column":31}},"30":{"start":{"line":88,"column":4},"end":{"line":91,"column":5}},"31":{"start":{"line":89,"column":6},"end":{"line":89,"column":55}},"32":{"start":{"line":90,"column":6},"end":{"line":90,"column":31}},"33":{"start":{"line":93,"column":4},"end":{"line":93,"column":42}},"34":{"start":{"line":95,"column":21},"end":{"line":95,"column":52}},"35":{"start":{"line":96,"column":4},"end":{"line":96,"column":26}},"36":{"start":{"line":98,"column":4},"end":{"line":98,"column":63}},"37":{"start":{"line":99,"column":4},"end":{"line":99,"column":59}},"38":{"start":{"line":108,"column":17},"end":{"line":108,"column":27}},"39":{"start":{"line":109,"column":2},"end":{"line":135,"column":3}},"40":{"start":{"line":110,"column":21},"end":{"line":122,"column":5}},"41":{"start":{"line":124,"column":4},"end":{"line":124,"column":96}},"42":{"start":{"line":124,"column":27},"end":{"line":124,"column":96}},"43":{"start":{"line":126,"column":24},"end":{"line":126,"column":31}},"44":{"start":{"line":127,"column":4},"end":{"line":129,"column":5}},"45":{"start":{"line":128,"column":6},"end":{"line":128,"column":62}},"46":{"start":{"line":131,"column":4},"end":{"line":131,"column":33}},"47":{"start":{"line":133,"column":4},"end":{"line":133,"column":62}},"48":{"start":{"line":134,"column":4},"end":{"line":134,"column":59}},"49":{"start":{"line":143,"column":25},"end":{"line":143,"column":35}},"50":{"start":{"line":144,"column":2},"end":{"line":174,"column":3}},"51":{"start":{"line":146,"column":4},"end":{"line":156,"column":5}},"52":{"start":{"line":147,"column":23},"end":{"line":147,"column":106}},"53":{"start":{"line":148,"column":6},"end":{"line":148,"column":104}},"54":{"start":{"line":148,"column":38},"end":{"line":148,"column":104}},"55":{"start":{"line":149,"column":6},"end":{"line":151,"column":7}},"56":{"start":{"line":150,"column":8},"end":{"line":150,"column":64}},"57":{"start":{"line":152,"column":11},"end":{"line":156,"column":5}},"58":{"start":{"line":153,"column":6},"end":{"line":155,"column":7}},"59":{"start":{"line":154,"column":8},"end":{"line":154,"column":64}},"60":{"start":{"line":158,"column":21},"end":{"line":168,"column":5}},"61":{"start":{"line":170,"column":4},"end":{"line":170,"column":26}},"62":{"start":{"line":172,"column":4},"end":{"line":172,"column":60}},"63":{"start":{"line":173,"column":4},"end":{"line":173,"column":59}},"64":{"start":{"line":183,"column":17},"end":{"line":183,"column":27}},"65":{"start":{"line":184,"column":78},"end":{"line":184,"column":86}},"66":{"start":{"line":186,"column":2},"end":{"line":245,"column":3}},"67":{"start":{"line":188,"column":19},"end":{"line":191,"column":5}},"68":{"start":{"line":192,"column":4},"end":{"line":192,"column":103}},"69":{"start":{"line":192,"column":34},"end":{"line":192,"column":103}},"70":{"start":{"line":193,"column":18},"end":{"line":193,"column":32}},"71":{"start":{"line":194,"column":4},"end":{"line":196,"column":5}},"72":{"start":{"line":195,"column":6},"end":{"line":195,"column":62}},"73":{"start":{"line":198,"column":19},"end":{"line":198,"column":21}},"74":{"start":{"line":199,"column":20},"end":{"line":199,"column":22}},"75":{"start":{"line":200,"column":14},"end":{"line":200,"column":15}},"76":{"start":{"line":202,"column":4},"end":{"line":202,"column":84}},"77":{"start":{"line":202,"column":30},"end":{"line":202,"column":62}},"78":{"start":{"line":202,"column":63},"end":{"line":202,"column":82}},"79":{"start":{"line":203,"column":4},"end":{"line":203,"column":90}},"80":{"start":{"line":203,"column":32},"end":{"line":203,"column":66}},"81":{"start":{"line":203,"column":67},"end":{"line":203,"column":88}},"82":{"start":{"line":204,"column":4},"end":{"line":204,"column":99}},"83":{"start":{"line":204,"column":35},"end":{"line":204,"column":72}},"84":{"start":{"line":204,"column":73},"end":{"line":204,"column":97}},"85":{"start":{"line":205,"column":4},"end":{"line":205,"column":96}},"86":{"start":{"line":205,"column":34},"end":{"line":205,"column":70}},"87":{"start":{"line":205,"column":71},"end":{"line":205,"column":94}},"88":{"start":{"line":206,"column":4},"end":{"line":206,"column":99}},"89":{"start":{"line":206,"column":35},"end":{"line":206,"column":72}},"90":{"start":{"line":206,"column":73},"end":{"line":206,"column":97}},"91":{"start":{"line":207,"column":4},"end":{"line":207,"column":87}},"92":{"start":{"line":207,"column":31},"end":{"line":207,"column":64}},"93":{"start":{"line":207,"column":65},"end":{"line":207,"column":85}},"94":{"start":{"line":208,"column":4},"end":{"line":208,"column":102}},"95":{"start":{"line":208,"column":36},"end":{"line":208,"column":74}},"96":{"start":{"line":208,"column":75},"end":{"line":208,"column":100}},"97":{"start":{"line":211,"column":22},"end":{"line":211,"column":60}},"98":{"start":{"line":212,"column":24},"end":{"line":212,"column":68}},"99":{"start":{"line":213,"column":4},"end":{"line":217,"column":5}},"100":{"start":{"line":214,"column":18},"end":{"line":214,"column":97}},"101":{"start":{"line":215,"column":6},"end":{"line":215,"column":37}},"102":{"start":{"line":216,"column":6},"end":{"line":216,"column":24}},"103":{"start":{"line":219,"column":4},"end":{"line":219,"column":97}},"104":{"start":{"line":219,"column":29},"end":{"line":219,"column":97}},"105":{"start":{"line":221,"column":4},"end":{"line":221,"column":21}},"106":{"start":{"line":222,"column":21},"end":{"line":226,"column":5}},"107":{"start":{"line":227,"column":19},"end":{"line":227,"column":26}},"108":{"start":{"line":230,"column":4},"end":{"line":239,"column":7}},"109":{"start":{"line":241,"column":4},"end":{"line":241,"column":28}},"110":{"start":{"line":243,"column":4},"end":{"line":243,"column":65}},"111":{"start":{"line":244,"column":4},"end":{"line":244,"column":59}},"112":{"start":{"line":253,"column":17},"end":{"line":253,"column":27}},"113":{"start":{"line":254,"column":2},"end":{"line":284,"column":3}},"114":{"start":{"line":255,"column":19},"end":{"line":255,"column":121}},"115":{"start":{"line":256,"column":4},"end":{"line":256,"column":103}},"116":{"start":{"line":256,"column":34},"end":{"line":256,"column":103}},"117":{"start":{"line":257,"column":4},"end":{"line":259,"column":5}},"118":{"start":{"line":258,"column":6},"end":{"line":258,"column":62}},"119":{"start":{"line":262,"column":21},"end":{"line":262,"column":55}},"120":{"start":{"line":263,"column":17},"end":{"line":263,"column":27}},"121":{"start":{"line":264,"column":19},"end":{"line":264,"column":97}},"122":{"start":{"line":265,"column":4},"end":{"line":267,"column":5}},"123":{"start":{"line":266,"column":6},"end":{"line":266,"column":183}},"124":{"start":{"line":270,"column":4},"end":{"line":277,"column":7}},"125":{"start":{"line":279,"column":4},"end":{"line":279,"column":69}},"126":{"start":{"line":280,"column":4},"end":{"line":280,"column":71}},"127":{"start":{"line":282,"column":4},"end":{"line":282,"column":63}},"128":{"start":{"line":283,"column":4},"end":{"line":283,"column":59}},"129":{"start":{"line":287,"column":0},"end":{"line":287,"column":87}}},"fnMap":{"0":{"name":"criar","decl":{"start":{"line":12,"column":15},"end":{"line":12,"column":20}},"loc":{"start":{"line":12,"column":31},"end":{"line":58,"column":1}},"line":12},"1":{"name":"listar","decl":{"start":{"line":64,"column":15},"end":{"line":64,"column":21}},"loc":{"start":{"line":64,"column":32},"end":{"line":101,"column":1}},"line":64},"2":{"name":"buscarPorId","decl":{"start":{"line":107,"column":15},"end":{"line":107,"column":26}},"loc":{"start":{"line":107,"column":37},"end":{"line":136,"column":1}},"line":107},"3":{"name":"historicoPaciente","decl":{"start":{"line":142,"column":15},"end":{"line":142,"column":32}},"loc":{"start":{"line":142,"column":43},"end":{"line":175,"column":1}},"line":142},"4":{"name":"atualizar","decl":{"start":{"line":182,"column":15},"end":{"line":182,"column":24}},"loc":{"start":{"line":182,"column":35},"end":{"line":246,"column":1}},"line":182},"5":{"name":"excluir","decl":{"start":{"line":252,"column":15},"end":{"line":252,"column":22}},"loc":{"start":{"line":252,"column":33},"end":{"line":285,"column":1}},"line":252}},"branchMap":{"0":{"loc":{"start":{"line":15,"column":2},"end":{"line":15,"column":86}},"type":"if","locations":[{"start":{"line":15,"column":2},"end":{"line":15,"column":86}},{"start":{},"end":{}}],"line":15},"1":{"loc":{"start":{"line":18,"column":2},"end":{"line":20,"column":3}},"type":"if","locations":[{"start":{"line":18,"column":2},"end":{"line":20,"column":3}},{"start":{},"end":{}}],"line":18},"2":{"loc":{"start":{"line":18,"column":6},"end":{"line":18,"column":53}},"type":"binary-expr","locations":[{"start":{"line":18,"column":6},"end":{"line":18,"column":16}},{"start":{"line":18,"column":20},"end":{"line":18,"column":29}},{"start":{"line":18,"column":33},"end":{"line":18,"column":43}},{"start":{"line":18,"column":47},"end":{"line":18,"column":53}}],"line":18},"3":{"loc":{"start":{"line":25,"column":4},"end":{"line":25,"column":102}},"type":"if","locations":[{"start":{"line":25,"column":4},"end":{"line":25,"column":102}},{"start":{},"end":{}}],"line":25},"4":{"loc":{"start":{"line":26,"column":4},"end":{"line":28,"column":5}},"type":"if","locations":[{"start":{"line":26,"column":4},"end":{"line":28,"column":5}},{"start":{},"end":{}}],"line":26},"5":{"loc":{"start":{"line":26,"column":8},"end":{"line":26,"column":80}},"type":"binary-expr","locations":[{"start":{"line":26,"column":8},"end":{"line":26,"column":34}},{"start":{"line":26,"column":38},"end":{"line":26,"column":80}}],"line":26},"6":{"loc":{"start":{"line":32,"column":4},"end":{"line":34,"column":5}},"type":"if","locations":[{"start":{"line":32,"column":4},"end":{"line":34,"column":5}},{"start":{},"end":{}}],"line":32},"7":{"loc":{"start":{"line":32,"column":8},"end":{"line":32,"column":48}},"type":"binary-expr","locations":[{"start":{"line":32,"column":8},"end":{"line":32,"column":12}},{"start":{"line":32,"column":16},"end":{"line":32,"column":22}},{"start":{"line":32,"column":26},"end":{"line":32,"column":48}}],"line":32},"8":{"loc":{"start":{"line":40,"column":33},"end":{"line":40,"column":45}},"type":"binary-expr","locations":[{"start":{"line":40,"column":33},"end":{"line":40,"column":37}},{"start":{"line":40,"column":41},"end":{"line":40,"column":45}}],"line":40},"9":{"loc":{"start":{"line":40,"column":47},"end":{"line":40,"column":61}},"type":"binary-expr","locations":[{"start":{"line":40,"column":47},"end":{"line":40,"column":53}},{"start":{"line":40,"column":57},"end":{"line":40,"column":61}}],"line":40},"10":{"loc":{"start":{"line":40,"column":68},"end":{"line":40,"column":85}},"type":"binary-expr","locations":[{"start":{"line":40,"column":68},"end":{"line":40,"column":77}},{"start":{"line":40,"column":81},"end":{"line":40,"column":85}}],"line":40},"11":{"loc":{"start":{"line":40,"column":87},"end":{"line":40,"column":103}},"type":"binary-expr","locations":[{"start":{"line":40,"column":87},"end":{"line":40,"column":95}},{"start":{"line":40,"column":99},"end":{"line":40,"column":103}}],"line":40},"12":{"loc":{"start":{"line":40,"column":105},"end":{"line":40,"column":122}},"type":"binary-expr","locations":[{"start":{"line":40,"column":105},"end":{"line":40,"column":114}},{"start":{"line":40,"column":118},"end":{"line":40,"column":122}}],"line":40},"13":{"loc":{"start":{"line":40,"column":124},"end":{"line":40,"column":137}},"type":"binary-expr","locations":[{"start":{"line":40,"column":124},"end":{"line":40,"column":129}},{"start":{"line":40,"column":133},"end":{"line":40,"column":137}}],"line":40},"14":{"loc":{"start":{"line":83,"column":4},"end":{"line":86,"column":5}},"type":"if","locations":[{"start":{"line":83,"column":4},"end":{"line":86,"column":5}},{"start":{},"end":{}}],"line":83},"15":{"loc":{"start":{"line":88,"column":4},"end":{"line":91,"column":5}},"type":"if","locations":[{"start":{"line":88,"column":4},"end":{"line":91,"column":5}},{"start":{},"end":{}}],"line":88},"16":{"loc":{"start":{"line":124,"column":4},"end":{"line":124,"column":96}},"type":"if","locations":[{"start":{"line":124,"column":4},"end":{"line":124,"column":96}},{"start":{},"end":{}}],"line":124},"17":{"loc":{"start":{"line":127,"column":4},"end":{"line":129,"column":5}},"type":"if","locations":[{"start":{"line":127,"column":4},"end":{"line":129,"column":5}},{"start":{},"end":{}}],"line":127},"18":{"loc":{"start":{"line":127,"column":8},"end":{"line":127,"column":75}},"type":"binary-expr","locations":[{"start":{"line":127,"column":8},"end":{"line":127,"column":34}},{"start":{"line":127,"column":38},"end":{"line":127,"column":75}}],"line":127},"19":{"loc":{"start":{"line":146,"column":4},"end":{"line":156,"column":5}},"type":"if","locations":[{"start":{"line":146,"column":4},"end":{"line":156,"column":5}},{"start":{"line":152,"column":11},"end":{"line":156,"column":5}}],"line":146},"20":{"loc":{"start":{"line":148,"column":6},"end":{"line":148,"column":104}},"type":"if","locations":[{"start":{"line":148,"column":6},"end":{"line":148,"column":104}},{"start":{},"end":{}}],"line":148},"21":{"loc":{"start":{"line":149,"column":6},"end":{"line":151,"column":7}},"type":"if","locations":[{"start":{"line":149,"column":6},"end":{"line":151,"column":7}},{"start":{},"end":{}}],"line":149},"22":{"loc":{"start":{"line":152,"column":11},"end":{"line":156,"column":5}},"type":"if","locations":[{"start":{"line":152,"column":11},"end":{"line":156,"column":5}},{"start":{},"end":{}}],"line":152},"23":{"loc":{"start":{"line":153,"column":6},"end":{"line":155,"column":7}},"type":"if","locations":[{"start":{"line":153,"column":6},"end":{"line":155,"column":7}},{"start":{},"end":{}}],"line":153},"24":{"loc":{"start":{"line":192,"column":4},"end":{"line":192,"column":103}},"type":"if","locations":[{"start":{"line":192,"column":4},"end":{"line":192,"column":103}},{"start":{},"end":{}}],"line":192},"25":{"loc":{"start":{"line":194,"column":4},"end":{"line":196,"column":5}},"type":"if","locations":[{"start":{"line":194,"column":4},"end":{"line":196,"column":5}},{"start":{},"end":{}}],"line":194},"26":{"loc":{"start":{"line":194,"column":8},"end":{"line":194,"column":69}},"type":"binary-expr","locations":[{"start":{"line":194,"column":8},"end":{"line":194,"column":34}},{"start":{"line":194,"column":38},"end":{"line":194,"column":69}}],"line":194},"27":{"loc":{"start":{"line":202,"column":4},"end":{"line":202,"column":84}},"type":"if","locations":[{"start":{"line":202,"column":4},"end":{"line":202,"column":84}},{"start":{},"end":{}}],"line":202},"28":{"loc":{"start":{"line":203,"column":4},"end":{"line":203,"column":90}},"type":"if","locations":[{"start":{"line":203,"column":4},"end":{"line":203,"column":90}},{"start":{},"end":{}}],"line":203},"29":{"loc":{"start":{"line":204,"column":4},"end":{"line":204,"column":99}},"type":"if","locations":[{"start":{"line":204,"column":4},"end":{"line":204,"column":99}},{"start":{},"end":{}}],"line":204},"30":{"loc":{"start":{"line":205,"column":4},"end":{"line":205,"column":96}},"type":"if","locations":[{"start":{"line":205,"column":4},"end":{"line":205,"column":96}},{"start":{},"end":{}}],"line":205},"31":{"loc":{"start":{"line":206,"column":4},"end":{"line":206,"column":99}},"type":"if","locations":[{"start":{"line":206,"column":4},"end":{"line":206,"column":99}},{"start":{},"end":{}}],"line":206},"32":{"loc":{"start":{"line":207,"column":4},"end":{"line":207,"column":87}},"type":"if","locations":[{"start":{"line":207,"column":4},"end":{"line":207,"column":87}},{"start":{},"end":{}}],"line":207},"33":{"loc":{"start":{"line":208,"column":4},"end":{"line":208,"column":102}},"type":"if","locations":[{"start":{"line":208,"column":4},"end":{"line":208,"column":102}},{"start":{},"end":{}}],"line":208},"34":{"loc":{"start":{"line":211,"column":22},"end":{"line":211,"column":60}},"type":"cond-expr","locations":[{"start":{"line":211,"column":43},"end":{"line":211,"column":47}},{"start":{"line":211,"column":50},"end":{"line":211,"column":60}}],"line":211},"35":{"loc":{"start":{"line":212,"column":24},"end":{"line":212,"column":68}},"type":"cond-expr","locations":[{"start":{"line":212,"column":47},"end":{"line":212,"column":53}},{"start":{"line":212,"column":56},"end":{"line":212,"column":68}}],"line":212},"36":{"loc":{"start":{"line":213,"column":4},"end":{"line":217,"column":5}},"type":"if","locations":[{"start":{"line":213,"column":4},"end":{"line":217,"column":5}},{"start":{},"end":{}}],"line":213},"37":{"loc":{"start":{"line":213,"column":8},"end":{"line":213,"column":63}},"type":"binary-expr","locations":[{"start":{"line":213,"column":8},"end":{"line":213,"column":17}},{"start":{"line":213,"column":21},"end":{"line":213,"column":32}},{"start":{"line":213,"column":36},"end":{"line":213,"column":63}}],"line":213},"38":{"loc":{"start":{"line":219,"column":4},"end":{"line":219,"column":97}},"type":"if","locations":[{"start":{"line":219,"column":4},"end":{"line":219,"column":97}},{"start":{},"end":{}}],"line":219},"39":{"loc":{"start":{"line":256,"column":4},"end":{"line":256,"column":103}},"type":"if","locations":[{"start":{"line":256,"column":4},"end":{"line":256,"column":103}},{"start":{},"end":{}}],"line":256},"40":{"loc":{"start":{"line":257,"column":4},"end":{"line":259,"column":5}},"type":"if","locations":[{"start":{"line":257,"column":4},"end":{"line":259,"column":5}},{"start":{},"end":{}}],"line":257},"41":{"loc":{"start":{"line":257,"column":8},"end":{"line":257,"column":78}},"type":"binary-expr","locations":[{"start":{"line":257,"column":8},"end":{"line":257,"column":34}},{"start":{"line":257,"column":38},"end":{"line":257,"column":78}}],"line":257},"42":{"loc":{"start":{"line":265,"column":4},"end":{"line":267,"column":5}},"type":"if","locations":[{"start":{"line":265,"column":4},"end":{"line":267,"column":5}},{"start":{},"end":{}}],"line":265}},"s":{"0":7,"1":7,"2":7,"3":2,"4":2,"5":0,"6":2,"7":1,"8":1,"9":1,"10":1,"11":0,"12":1,"13":0,"14":1,"15":1,"16":1,"17":1,"18":1,"19":1,"20":0,"21":0,"22":1,"23":1,"24":1,"25":1,"26":1,"27":1,"28":1,"29":1,"30":1,"31":0,"32":0,"33":1,"34":1,"35":1,"36":0,"37":0,"38":2,"39":2,"40":2,"41":2,"42":0,"43":2,"44":2,"45":1,"46":1,"47":0,"48":0,"49":1,"50":1,"51":1,"52":1,"53":1,"54":0,"55":1,"56":0,"57":0,"58":0,"59":0,"60":1,"61":1,"62":0,"63":0,"64":1,"65":1,"66":1,"67":1,"68":1,"69":0,"70":1,"71":1,"72":0,"73":1,"74":1,"75":1,"76":1,"77":0,"78":0,"79":1,"80":0,"81":0,"82":1,"83":1,"84":1,"85":1,"86":0,"87":0,"88":1,"89":0,"90":0,"91":1,"92":0,"93":0,"94":1,"95":0,"96":0,"97":1,"98":1,"99":1,"100":0,"101":0,"102":0,"103":1,"104":0,"105":1,"106":1,"107":1,"108":1,"109":1,"110":0,"111":0,"112":2,"113":2,"114":2,"115":2,"116":0,"117":2,"118":0,"119":2,"120":2,"121":2,"122":2,"123":1,"124":1,"125":1,"126":1,"127":0,"128":0,"129":7},"f":{"0":2,"1":1,"2":2,"3":1,"4":1,"5":2},"b":{"0":[0,2],"1":[1,1],"2":[2,1,1,1],"3":[0,1],"4":[0,1],"5":[1,1],"6":[1,0],"7":[1,1,1],"8":[1,0],"9":[1,0],"10":[1,0],"11":[1,1],"12":[1,1],"13":[1,1],"14":[1,0],"15":[0,1],"16":[0,2],"17":[1,1],"18":[2,2],"19":[1,0],"20":[0,1],"21":[0,1],"22":[0,0],"23":[0,0],"24":[0,1],"25":[0,1],"26":[1,1],"27":[0,1],"28":[0,1],"29":[1,0],"30":[0,1],"31":[0,1],"32":[0,1],"33":[0,1],"34":[0,1],"35":[0,1],"36":[0,1],"37":[1,0,0],"38":[0,1],"39":[0,2],"40":[0,2],"41":[2,2],"42":[1,1]},"_coverageSchema":"1a1c01bbd47fc00a2c39e90264f33305004495a9","hash":"b50f1a17ba86d16c6b97f2f65c3b5c18568cbb92"}
,"/home/eduradolm/Documents/REQ-2026.1-T01-ProntoCare/back/src/controllers/blockchain.js": {"path":"/home/eduradolm/Documents/REQ-2026.1-T01-ProntoCare/back/src/controllers/blockchain.js","statementMap":{"0":{"start":{"line":1,"column":13},"end":{"line":1,"column":29}},"1":{"start":{"line":2,"column":26},"end":{"line":2,"column":57}},"2":{"start":{"line":22,"column":6},"end":{"line":22,"column":14}},"3":{"start":{"line":24,"column":2},"end":{"line":26,"column":3}},"4":{"start":{"line":25,"column":4},"end":{"line":25,"column":126}},"5":{"start":{"line":28,"column":2},"end":{"line":89,"column":3}},"6":{"start":{"line":30,"column":21},"end":{"line":30,"column":105}},"7":{"start":{"line":31,"column":4},"end":{"line":33,"column":5}},"8":{"start":{"line":32,"column":6},"end":{"line":32,"column":72}},"9":{"start":{"line":34,"column":4},"end":{"line":36,"column":5}},"10":{"start":{"line":35,"column":6},"end":{"line":35,"column":62}},"11":{"start":{"line":39,"column":24},"end":{"line":42,"column":5}},"12":{"start":{"line":44,"column":4},"end":{"line":59,"column":5}},"13":{"start":{"line":45,"column":6},"end":{"line":51,"column":7}},"14":{"start":{"line":46,"column":8},"end":{"line":50,"column":11}},"15":{"start":{"line":52,"column":6},"end":{"line":56,"column":7}},"16":{"start":{"line":53,"column":8},"end":{"line":55,"column":11}},"17":{"start":{"line":57,"column":11},"end":{"line":59,"column":5}},"18":{"start":{"line":58,"column":6},"end":{"line":58,"column":107}},"19":{"start":{"line":61,"column":21},"end":{"line":83,"column":5}},"20":{"start":{"line":85,"column":4},"end":{"line":85,"column":41}},"21":{"start":{"line":87,"column":4},"end":{"line":87,"column":73}},"22":{"start":{"line":88,"column":4},"end":{"line":88,"column":59}},"23":{"start":{"line":96,"column":25},"end":{"line":96,"column":35}},"24":{"start":{"line":98,"column":2},"end":{"line":126,"column":3}},"25":{"start":{"line":100,"column":4},"end":{"line":110,"column":5}},"26":{"start":{"line":101,"column":23},"end":{"line":101,"column":106}},"27":{"start":{"line":102,"column":6},"end":{"line":102,"column":104}},"28":{"start":{"line":102,"column":38},"end":{"line":102,"column":104}},"29":{"start":{"line":103,"column":6},"end":{"line":105,"column":7}},"30":{"start":{"line":104,"column":8},"end":{"line":104,"column":64}},"31":{"start":{"line":106,"column":11},"end":{"line":110,"column":5}},"32":{"start":{"line":107,"column":6},"end":{"line":109,"column":7}},"33":{"start":{"line":108,"column":8},"end":{"line":108,"column":64}},"34":{"start":{"line":112,"column":21},"end":{"line":120,"column":5}},"35":{"start":{"line":122,"column":4},"end":{"line":122,"column":26}},"36":{"start":{"line":124,"column":4},"end":{"line":124,"column":68}},"37":{"start":{"line":125,"column":4},"end":{"line":125,"column":59}},"38":{"start":{"line":134,"column":25},"end":{"line":134,"column":35}},"39":{"start":{"line":136,"column":2},"end":{"line":168,"column":3}},"40":{"start":{"line":138,"column":4},"end":{"line":148,"column":5}},"41":{"start":{"line":139,"column":23},"end":{"line":139,"column":106}},"42":{"start":{"line":140,"column":6},"end":{"line":140,"column":104}},"43":{"start":{"line":140,"column":38},"end":{"line":140,"column":104}},"44":{"start":{"line":141,"column":6},"end":{"line":143,"column":7}},"45":{"start":{"line":142,"column":8},"end":{"line":142,"column":64}},"46":{"start":{"line":144,"column":11},"end":{"line":148,"column":5}},"47":{"start":{"line":145,"column":6},"end":{"line":147,"column":7}},"48":{"start":{"line":146,"column":8},"end":{"line":146,"column":64}},"49":{"start":{"line":150,"column":21},"end":{"line":158,"column":5}},"50":{"start":{"line":160,"column":4},"end":{"line":162,"column":5}},"51":{"start":{"line":161,"column":6},"end":{"line":161,"column":28}},"52":{"start":{"line":164,"column":4},"end":{"line":164,"column":29}},"53":{"start":{"line":166,"column":4},"end":{"line":166,"column":63}},"54":{"start":{"line":167,"column":4},"end":{"line":167,"column":59}},"55":{"start":{"line":176,"column":25},"end":{"line":176,"column":35}},"56":{"start":{"line":178,"column":2},"end":{"line":234,"column":3}},"57":{"start":{"line":180,"column":4},"end":{"line":190,"column":5}},"58":{"start":{"line":181,"column":23},"end":{"line":181,"column":106}},"59":{"start":{"line":182,"column":6},"end":{"line":182,"column":104}},"60":{"start":{"line":182,"column":38},"end":{"line":182,"column":104}},"61":{"start":{"line":183,"column":6},"end":{"line":185,"column":7}},"62":{"start":{"line":184,"column":8},"end":{"line":184,"column":64}},"63":{"start":{"line":186,"column":11},"end":{"line":190,"column":5}},"64":{"start":{"line":187,"column":6},"end":{"line":189,"column":7}},"65":{"start":{"line":188,"column":8},"end":{"line":188,"column":64}},"66":{"start":{"line":192,"column":21},"end":{"line":198,"column":5}},"67":{"start":{"line":201,"column":4},"end":{"line":208,"column":7}},"68":{"start":{"line":210,"column":4},"end":{"line":212,"column":5}},"69":{"start":{"line":211,"column":6},"end":{"line":211,"column":88}},"70":{"start":{"line":215,"column":4},"end":{"line":224,"column":5}},"71":{"start":{"line":215,"column":17},"end":{"line":215,"column":18}},"72":{"start":{"line":216,"column":6},"end":{"line":223,"column":7}},"73":{"start":{"line":217,"column":8},"end":{"line":222,"column":11}},"74":{"start":{"line":226,"column":4},"end":{"line":230,"column":7}},"75":{"start":{"line":232,"column":4},"end":{"line":232,"column":65}},"76":{"start":{"line":233,"column":4},"end":{"line":233,"column":59}},"77":{"start":{"line":237,"column":0},"end":{"line":237,"column":85}}},"fnMap":{"0":{"name":"registrarBloco","decl":{"start":{"line":8,"column":15},"end":{"line":8,"column":29}},"loc":{"start":{"line":8,"column":40},"end":{"line":90,"column":1}},"line":8},"1":{"name":"listarCadeia","decl":{"start":{"line":95,"column":15},"end":{"line":95,"column":27}},"loc":{"start":{"line":95,"column":38},"end":{"line":127,"column":1}},"line":95},"2":{"name":"ultimoBloco","decl":{"start":{"line":133,"column":15},"end":{"line":133,"column":26}},"loc":{"start":{"line":133,"column":37},"end":{"line":169,"column":1}},"line":133},"3":{"name":"verificarIntegridade","decl":{"start":{"line":175,"column":15},"end":{"line":175,"column":35}},"loc":{"start":{"line":175,"column":46},"end":{"line":235,"column":1}},"line":175}},"branchMap":{"0":{"loc":{"start":{"line":24,"column":2},"end":{"line":26,"column":3}},"type":"if","locations":[{"start":{"line":24,"column":2},"end":{"line":26,"column":3}},{"start":{},"end":{}}],"line":24},"1":{"loc":{"start":{"line":24,"column":6},"end":{"line":24,"column":93}},"type":"binary-expr","locations":[{"start":{"line":24,"column":6},"end":{"line":24,"column":18}},{"start":{"line":24,"column":22},"end":{"line":24,"column":42}},{"start":{"line":24,"column":46},"end":{"line":24,"column":51}},{"start":{"line":24,"column":55},"end":{"line":24,"column":66}},{"start":{"line":24,"column":70},"end":{"line":24,"column":84}},{"start":{"line":24,"column":88},"end":{"line":24,"column":93}}],"line":24},"2":{"loc":{"start":{"line":31,"column":4},"end":{"line":33,"column":5}},"type":"if","locations":[{"start":{"line":31,"column":4},"end":{"line":33,"column":5}},{"start":{},"end":{}}],"line":31},"3":{"loc":{"start":{"line":34,"column":4},"end":{"line":36,"column":5}},"type":"if","locations":[{"start":{"line":34,"column":4},"end":{"line":36,"column":5}},{"start":{},"end":{}}],"line":34},"4":{"loc":{"start":{"line":34,"column":8},"end":{"line":34,"column":80}},"type":"binary-expr","locations":[{"start":{"line":34,"column":8},"end":{"line":34,"column":34}},{"start":{"line":34,"column":38},"end":{"line":34,"column":80}}],"line":34},"5":{"loc":{"start":{"line":44,"column":4},"end":{"line":59,"column":5}},"type":"if","locations":[{"start":{"line":44,"column":4},"end":{"line":59,"column":5}},{"start":{"line":57,"column":11},"end":{"line":59,"column":5}}],"line":44},"6":{"loc":{"start":{"line":45,"column":6},"end":{"line":51,"column":7}},"type":"if","locations":[{"start":{"line":45,"column":6},"end":{"line":51,"column":7}},{"start":{},"end":{}}],"line":45},"7":{"loc":{"start":{"line":52,"column":6},"end":{"line":56,"column":7}},"type":"if","locations":[{"start":{"line":52,"column":6},"end":{"line":56,"column":7}},{"start":{},"end":{}}],"line":52},"8":{"loc":{"start":{"line":57,"column":11},"end":{"line":59,"column":5}},"type":"if","locations":[{"start":{"line":57,"column":11},"end":{"line":59,"column":5}},{"start":{},"end":{}}],"line":57},"9":{"loc":{"start":{"line":57,"column":15},"end":{"line":57,"column":49}},"type":"binary-expr","locations":[{"start":{"line":57,"column":15},"end":{"line":57,"column":33}},{"start":{"line":57,"column":37},"end":{"line":57,"column":49}}],"line":57},"10":{"loc":{"start":{"line":69,"column":8},"end":{"line":69,"column":45}},"type":"binary-expr","locations":[{"start":{"line":69,"column":8},"end":{"line":69,"column":17}},{"start":{"line":69,"column":21},"end":{"line":69,"column":45}}],"line":69},"11":{"loc":{"start":{"line":71,"column":8},"end":{"line":71,"column":24}},"type":"binary-expr","locations":[{"start":{"line":71,"column":8},"end":{"line":71,"column":16}},{"start":{"line":71,"column":20},"end":{"line":71,"column":24}}],"line":71},"12":{"loc":{"start":{"line":72,"column":8},"end":{"line":72,"column":27}},"type":"binary-expr","locations":[{"start":{"line":72,"column":8},"end":{"line":72,"column":19}},{"start":{"line":72,"column":23},"end":{"line":72,"column":27}}],"line":72},"13":{"loc":{"start":{"line":73,"column":8},"end":{"line":73,"column":19}},"type":"binary-expr","locations":[{"start":{"line":73,"column":8},"end":{"line":73,"column":14}},{"start":{"line":73,"column":18},"end":{"line":73,"column":19}}],"line":73},"14":{"loc":{"start":{"line":75,"column":8},"end":{"line":75,"column":24}},"type":"binary-expr","locations":[{"start":{"line":75,"column":8},"end":{"line":75,"column":16}},{"start":{"line":75,"column":20},"end":{"line":75,"column":24}}],"line":75},"15":{"loc":{"start":{"line":78,"column":8},"end":{"line":78,"column":33}},"type":"binary-expr","locations":[{"start":{"line":78,"column":8},"end":{"line":78,"column":25}},{"start":{"line":78,"column":29},"end":{"line":78,"column":33}}],"line":78},"16":{"loc":{"start":{"line":80,"column":8},"end":{"line":80,"column":38}},"type":"binary-expr","locations":[{"start":{"line":80,"column":8},"end":{"line":80,"column":21}},{"start":{"line":80,"column":25},"end":{"line":80,"column":38}}],"line":80},"17":{"loc":{"start":{"line":100,"column":4},"end":{"line":110,"column":5}},"type":"if","locations":[{"start":{"line":100,"column":4},"end":{"line":110,"column":5}},{"start":{"line":106,"column":11},"end":{"line":110,"column":5}}],"line":100},"18":{"loc":{"start":{"line":102,"column":6},"end":{"line":102,"column":104}},"type":"if","locations":[{"start":{"line":102,"column":6},"end":{"line":102,"column":104}},{"start":{},"end":{}}],"line":102},"19":{"loc":{"start":{"line":103,"column":6},"end":{"line":105,"column":7}},"type":"if","locations":[{"start":{"line":103,"column":6},"end":{"line":105,"column":7}},{"start":{},"end":{}}],"line":103},"20":{"loc":{"start":{"line":106,"column":11},"end":{"line":110,"column":5}},"type":"if","locations":[{"start":{"line":106,"column":11},"end":{"line":110,"column":5}},{"start":{},"end":{}}],"line":106},"21":{"loc":{"start":{"line":107,"column":6},"end":{"line":109,"column":7}},"type":"if","locations":[{"start":{"line":107,"column":6},"end":{"line":109,"column":7}},{"start":{},"end":{}}],"line":107},"22":{"loc":{"start":{"line":138,"column":4},"end":{"line":148,"column":5}},"type":"if","locations":[{"start":{"line":138,"column":4},"end":{"line":148,"column":5}},{"start":{"line":144,"column":11},"end":{"line":148,"column":5}}],"line":138},"23":{"loc":{"start":{"line":140,"column":6},"end":{"line":140,"column":104}},"type":"if","locations":[{"start":{"line":140,"column":6},"end":{"line":140,"column":104}},{"start":{},"end":{}}],"line":140},"24":{"loc":{"start":{"line":141,"column":6},"end":{"line":143,"column":7}},"type":"if","locations":[{"start":{"line":141,"column":6},"end":{"line":143,"column":7}},{"start":{},"end":{}}],"line":141},"25":{"loc":{"start":{"line":144,"column":11},"end":{"line":148,"column":5}},"type":"if","locations":[{"start":{"line":144,"column":11},"end":{"line":148,"column":5}},{"start":{},"end":{}}],"line":144},"26":{"loc":{"start":{"line":145,"column":6},"end":{"line":147,"column":7}},"type":"if","locations":[{"start":{"line":145,"column":6},"end":{"line":147,"column":7}},{"start":{},"end":{}}],"line":145},"27":{"loc":{"start":{"line":160,"column":4},"end":{"line":162,"column":5}},"type":"if","locations":[{"start":{"line":160,"column":4},"end":{"line":162,"column":5}},{"start":{},"end":{}}],"line":160},"28":{"loc":{"start":{"line":180,"column":4},"end":{"line":190,"column":5}},"type":"if","locations":[{"start":{"line":180,"column":4},"end":{"line":190,"column":5}},{"start":{"line":186,"column":11},"end":{"line":190,"column":5}}],"line":180},"29":{"loc":{"start":{"line":182,"column":6},"end":{"line":182,"column":104}},"type":"if","locations":[{"start":{"line":182,"column":6},"end":{"line":182,"column":104}},{"start":{},"end":{}}],"line":182},"30":{"loc":{"start":{"line":183,"column":6},"end":{"line":185,"column":7}},"type":"if","locations":[{"start":{"line":183,"column":6},"end":{"line":185,"column":7}},{"start":{},"end":{}}],"line":183},"31":{"loc":{"start":{"line":186,"column":11},"end":{"line":190,"column":5}},"type":"if","locations":[{"start":{"line":186,"column":11},"end":{"line":190,"column":5}},{"start":{},"end":{}}],"line":186},"32":{"loc":{"start":{"line":187,"column":6},"end":{"line":189,"column":7}},"type":"if","locations":[{"start":{"line":187,"column":6},"end":{"line":189,"column":7}},{"start":{},"end":{}}],"line":187},"33":{"loc":{"start":{"line":210,"column":4},"end":{"line":212,"column":5}},"type":"if","locations":[{"start":{"line":210,"column":4},"end":{"line":212,"column":5}},{"start":{},"end":{}}],"line":210},"34":{"loc":{"start":{"line":216,"column":6},"end":{"line":223,"column":7}},"type":"if","locations":[{"start":{"line":216,"column":6},"end":{"line":223,"column":7}},{"start":{},"end":{}}],"line":216}},"s":{"0":7,"1":7,"2":8,"3":8,"4":1,"5":7,"6":7,"7":6,"8":1,"9":5,"10":1,"11":4,"12":4,"13":2,"14":1,"15":1,"16":1,"17":2,"18":1,"19":1,"20":1,"21":1,"22":1,"23":5,"24":5,"25":5,"26":2,"27":2,"28":1,"29":1,"30":1,"31":3,"32":1,"33":1,"34":2,"35":1,"36":1,"37":1,"38":6,"39":6,"40":6,"41":2,"42":2,"43":1,"44":1,"45":1,"46":4,"47":1,"48":1,"49":3,"50":2,"51":1,"52":1,"53":1,"54":1,"55":7,"56":7,"57":7,"58":2,"59":2,"60":1,"61":1,"62":1,"63":5,"64":1,"65":1,"66":4,"67":3,"68":3,"69":1,"70":2,"71":2,"72":2,"73":1,"74":1,"75":1,"76":1,"77":7},"f":{"0":8,"1":5,"2":6,"3":7},"b":{"0":[1,7],"1":[8,7,7,7,7,7],"2":[1,5],"3":[1,4],"4":[5,5],"5":[2,2],"6":[1,1],"7":[1,0],"8":[1,1],"9":[2,1],"10":[1,1],"11":[1,1],"12":[1,1],"13":[1,1],"14":[1,1],"15":[1,1],"16":[1,0],"17":[2,3],"18":[1,1],"19":[1,0],"20":[1,2],"21":[1,0],"22":[2,4],"23":[1,1],"24":[1,0],"25":[1,3],"26":[1,0],"27":[1,1],"28":[2,5],"29":[1,1],"30":[1,0],"31":[1,4],"32":[1,0],"33":[1,2],"34":[1,1]},"_coverageSchema":"1a1c01bbd47fc00a2c39e90264f33305004495a9","hash":"84be47a62210c45d0ac0e3d84a33e51a26b73677"}
,"/home/eduradolm/Documents/REQ-2026.1-T01-ProntoCare/back/src/controllers/logs.js": {"path":"/home/eduradolm/Documents/REQ-2026.1-T01-ProntoCare/back/src/controllers/logs.js","statementMap":{"0":{"start":{"line":1,"column":13},"end":{"line":1,"column":29}},"1":{"start":{"line":2,"column":31},"end":{"line":2,"column":62}},"2":{"start":{"line":9,"column":25},"end":{"line":9,"column":35}},"3":{"start":{"line":11,"column":2},"end":{"line":30,"column":3}},"4":{"start":{"line":13,"column":4},"end":{"line":23,"column":5}},"5":{"start":{"line":14,"column":23},"end":{"line":14,"column":106}},"6":{"start":{"line":15,"column":6},"end":{"line":15,"column":104}},"7":{"start":{"line":15,"column":38},"end":{"line":15,"column":104}},"8":{"start":{"line":16,"column":6},"end":{"line":18,"column":7}},"9":{"start":{"line":17,"column":8},"end":{"line":17,"column":64}},"10":{"start":{"line":19,"column":11},"end":{"line":23,"column":5}},"11":{"start":{"line":20,"column":6},"end":{"line":22,"column":7}},"12":{"start":{"line":21,"column":8},"end":{"line":21,"column":64}},"13":{"start":{"line":25,"column":17},"end":{"line":25,"column":53}},"14":{"start":{"line":26,"column":4},"end":{"line":26,"column":26}},"15":{"start":{"line":28,"column":4},"end":{"line":28,"column":55}},"16":{"start":{"line":29,"column":4},"end":{"line":29,"column":59}},"17":{"start":{"line":33,"column":0},"end":{"line":33,"column":39}}},"fnMap":{"0":{"name":"listarPorPaciente","decl":{"start":{"line":8,"column":15},"end":{"line":8,"column":32}},"loc":{"start":{"line":8,"column":43},"end":{"line":31,"column":1}},"line":8}},"branchMap":{"0":{"loc":{"start":{"line":13,"column":4},"end":{"line":23,"column":5}},"type":"if","locations":[{"start":{"line":13,"column":4},"end":{"line":23,"column":5}},{"start":{"line":19,"column":11},"end":{"line":23,"column":5}}],"line":13},"1":{"loc":{"start":{"line":15,"column":6},"end":{"line":15,"column":104}},"type":"if","locations":[{"start":{"line":15,"column":6},"end":{"line":15,"column":104}},{"start":{},"end":{}}],"line":15},"2":{"loc":{"start":{"line":16,"column":6},"end":{"line":18,"column":7}},"type":"if","locations":[{"start":{"line":16,"column":6},"end":{"line":18,"column":7}},{"start":{},"end":{}}],"line":16},"3":{"loc":{"start":{"line":19,"column":11},"end":{"line":23,"column":5}},"type":"if","locations":[{"start":{"line":19,"column":11},"end":{"line":23,"column":5}},{"start":{},"end":{}}],"line":19},"4":{"loc":{"start":{"line":20,"column":6},"end":{"line":22,"column":7}},"type":"if","locations":[{"start":{"line":20,"column":6},"end":{"line":22,"column":7}},{"start":{},"end":{}}],"line":20}},"s":{"0":7,"1":7,"2":5,"3":5,"4":5,"5":2,"6":2,"7":0,"8":2,"9":1,"10":3,"11":2,"12":1,"13":3,"14":3,"15":0,"16":0,"17":7},"f":{"0":5},"b":{"0":[2,3],"1":[0,2],"2":[1,1],"3":[2,1],"4":[1,1]},"_coverageSchema":"1a1c01bbd47fc00a2c39e90264f33305004495a9","hash":"bf9542cc7ffc6c909add6751d0f488e65f64bdc3"}
,"/home/eduradolm/Documents/REQ-2026.1-T01-ProntoCare/back/src/controllers/medicos.js": {"path":"/home/eduradolm/Documents/REQ-2026.1-T01-ProntoCare/back/src/controllers/medicos.js","statementMap":{"0":{"start":{"line":1,"column":13},"end":{"line":1,"column":29}},"1":{"start":{"line":2,"column":15},"end":{"line":2,"column":34}},"2":{"start":{"line":4,"column":20},"end":{"line":4,"column":22}},"3":{"start":{"line":7,"column":2},"end":{"line":32,"column":3}},"4":{"start":{"line":8,"column":17},"end":{"line":8,"column":27}},"5":{"start":{"line":9,"column":22},"end":{"line":9,"column":45}},"6":{"start":{"line":10,"column":23},"end":{"line":10,"column":75}},"7":{"start":{"line":12,"column":21},"end":{"line":28,"column":5}},"8":{"start":{"line":29,"column":4},"end":{"line":29,"column":26}},"9":{"start":{"line":31,"column":4},"end":{"line":31,"column":61}},"10":{"start":{"line":36,"column":17},"end":{"line":36,"column":27}},"11":{"start":{"line":37,"column":2},"end":{"line":46,"column":3}},"12":{"start":{"line":38,"column":21},"end":{"line":41,"column":5}},"13":{"start":{"line":42,"column":4},"end":{"line":42,"column":84}},"14":{"start":{"line":42,"column":27},"end":{"line":42,"column":84}},"15":{"start":{"line":43,"column":4},"end":{"line":43,"column":29}},"16":{"start":{"line":45,"column":4},"end":{"line":45,"column":59}},"17":{"start":{"line":50,"column":53},"end":{"line":50,"column":61}},"18":{"start":{"line":51,"column":2},"end":{"line":51,"column":103}},"19":{"start":{"line":51,"column":41},"end":{"line":51,"column":103}},"20":{"start":{"line":53,"column":2},"end":{"line":63,"column":3}},"21":{"start":{"line":54,"column":23},"end":{"line":54,"column":60}},"22":{"start":{"line":55,"column":21},"end":{"line":58,"column":5}},"23":{"start":{"line":59,"column":4},"end":{"line":59,"column":41}},"24":{"start":{"line":61,"column":4},"end":{"line":61,"column":86}},"25":{"start":{"line":61,"column":30},"end":{"line":61,"column":86}},"26":{"start":{"line":62,"column":4},"end":{"line":62,"column":59}},"27":{"start":{"line":67,"column":17},"end":{"line":67,"column":27}},"28":{"start":{"line":68,"column":60},"end":{"line":68,"column":68}},"29":{"start":{"line":70,"column":2},"end":{"line":100,"column":3}},"30":{"start":{"line":71,"column":19},"end":{"line":71,"column":81}},"31":{"start":{"line":72,"column":4},"end":{"line":72,"column":91}},"32":{"start":{"line":72,"column":34},"end":{"line":72,"column":91}},"33":{"start":{"line":74,"column":19},"end":{"line":74,"column":21}},"34":{"start":{"line":75,"column":20},"end":{"line":75,"column":22}},"35":{"start":{"line":76,"column":14},"end":{"line":76,"column":15}},"36":{"start":{"line":78,"column":4},"end":{"line":78,"column":84}},"37":{"start":{"line":78,"column":30},"end":{"line":78,"column":62}},"38":{"start":{"line":78,"column":63},"end":{"line":78,"column":82}},"39":{"start":{"line":79,"column":4},"end":{"line":79,"column":81}},"40":{"start":{"line":79,"column":29},"end":{"line":79,"column":60}},"41":{"start":{"line":79,"column":61},"end":{"line":79,"column":79}},"42":{"start":{"line":80,"column":4},"end":{"line":80,"column":111}},"43":{"start":{"line":80,"column":39},"end":{"line":80,"column":80}},"44":{"start":{"line":80,"column":81},"end":{"line":80,"column":109}},"45":{"start":{"line":81,"column":4},"end":{"line":81,"column":87}},"46":{"start":{"line":81,"column":31},"end":{"line":81,"column":64}},"47":{"start":{"line":81,"column":65},"end":{"line":81,"column":85}},"48":{"start":{"line":82,"column":4},"end":{"line":82,"column":87}},"49":{"start":{"line":82,"column":31},"end":{"line":82,"column":64}},"50":{"start":{"line":82,"column":65},"end":{"line":82,"column":85}},"51":{"start":{"line":83,"column":4},"end":{"line":87,"column":5}},"52":{"start":{"line":84,"column":25},"end":{"line":84,"column":62}},"53":{"start":{"line":85,"column":6},"end":{"line":85,"column":44}},"54":{"start":{"line":86,"column":6},"end":{"line":86,"column":31}},"55":{"start":{"line":89,"column":4},"end":{"line":89,"column":82}},"56":{"start":{"line":89,"column":29},"end":{"line":89,"column":82}},"57":{"start":{"line":91,"column":4},"end":{"line":91,"column":21}},"58":{"start":{"line":92,"column":21},"end":{"line":95,"column":5}},"59":{"start":{"line":96,"column":4},"end":{"line":96,"column":29}},"60":{"start":{"line":98,"column":4},"end":{"line":98,"column":82}},"61":{"start":{"line":98,"column":30},"end":{"line":98,"column":82}},"62":{"start":{"line":99,"column":4},"end":{"line":99,"column":59}},"63":{"start":{"line":104,"column":17},"end":{"line":104,"column":27}},"64":{"start":{"line":105,"column":2},"end":{"line":111,"column":3}},"65":{"start":{"line":106,"column":21},"end":{"line":106,"column":119}},"66":{"start":{"line":107,"column":4},"end":{"line":107,"column":84}},"67":{"start":{"line":107,"column":27},"end":{"line":107,"column":84}},"68":{"start":{"line":108,"column":4},"end":{"line":108,"column":66}},"69":{"start":{"line":110,"column":4},"end":{"line":110,"column":59}},"70":{"start":{"line":115,"column":17},"end":{"line":115,"column":27}},"71":{"start":{"line":116,"column":2},"end":{"line":155,"column":3}},"72":{"start":{"line":117,"column":19},"end":{"line":117,"column":81}},"73":{"start":{"line":118,"column":4},"end":{"line":118,"column":98}},"74":{"start":{"line":118,"column":34},"end":{"line":118,"column":98}},"75":{"start":{"line":121,"column":17},"end":{"line":121,"column":27}},"76":{"start":{"line":122,"column":22},"end":{"line":122,"column":45}},"77":{"start":{"line":123,"column":23},"end":{"line":123,"column":75}},"78":{"start":{"line":126,"column":33},"end":{"line":131,"column":5}},"79":{"start":{"line":134,"column":30},"end":{"line":139,"column":5}},"80":{"start":{"line":141,"column":4},"end":{"line":143,"column":5}},"81":{"start":{"line":142,"column":6},"end":{"line":142,"column":164}},"82":{"start":{"line":146,"column":4},"end":{"line":146,"column":73}},"83":{"start":{"line":149,"column":4},"end":{"line":149,"column":64}},"84":{"start":{"line":151,"column":4},"end":{"line":151,"column":105}},"85":{"start":{"line":153,"column":4},"end":{"line":153,"column":74}},"86":{"start":{"line":154,"column":4},"end":{"line":154,"column":59}},"87":{"start":{"line":159,"column":17},"end":{"line":159,"column":27}},"88":{"start":{"line":160,"column":2},"end":{"line":188,"column":3}},"89":{"start":{"line":161,"column":24},"end":{"line":164,"column":5}},"90":{"start":{"line":165,"column":4},"end":{"line":165,"column":103}},"91":{"start":{"line":165,"column":39},"end":{"line":165,"column":103}},"92":{"start":{"line":166,"column":19},"end":{"line":166,"column":38}},"93":{"start":{"line":168,"column":26},"end":{"line":171,"column":5}},"94":{"start":{"line":173,"column":23},"end":{"line":179,"column":5}},"95":{"start":{"line":181,"column":4},"end":{"line":185,"column":7}},"96":{"start":{"line":187,"column":4},"end":{"line":187,"column":59}},"97":{"start":{"line":191,"column":0},"end":{"line":191,"column":103}}},"fnMap":{"0":{"name":"listar","decl":{"start":{"line":6,"column":15},"end":{"line":6,"column":21}},"loc":{"start":{"line":6,"column":32},"end":{"line":33,"column":1}},"line":6},"1":{"name":"buscarPorId","decl":{"start":{"line":35,"column":15},"end":{"line":35,"column":26}},"loc":{"start":{"line":35,"column":37},"end":{"line":47,"column":1}},"line":35},"2":{"name":"criar","decl":{"start":{"line":49,"column":15},"end":{"line":49,"column":20}},"loc":{"start":{"line":49,"column":31},"end":{"line":64,"column":1}},"line":49},"3":{"name":"atualizar","decl":{"start":{"line":66,"column":15},"end":{"line":66,"column":24}},"loc":{"start":{"line":66,"column":35},"end":{"line":101,"column":1}},"line":66},"4":{"name":"excluir","decl":{"start":{"line":103,"column":15},"end":{"line":103,"column":22}},"loc":{"start":{"line":103,"column":33},"end":{"line":112,"column":1}},"line":103},"5":{"name":"excluirPermanente","decl":{"start":{"line":114,"column":15},"end":{"line":114,"column":32}},"loc":{"start":{"line":114,"column":43},"end":{"line":156,"column":1}},"line":114},"6":{"name":"buscarDetalhes","decl":{"start":{"line":158,"column":15},"end":{"line":158,"column":29}},"loc":{"start":{"line":158,"column":40},"end":{"line":189,"column":1}},"line":158}},"branchMap":{"0":{"loc":{"start":{"line":42,"column":4},"end":{"line":42,"column":84}},"type":"if","locations":[{"start":{"line":42,"column":4},"end":{"line":42,"column":84}},{"start":{},"end":{}}],"line":42},"1":{"loc":{"start":{"line":51,"column":2},"end":{"line":51,"column":103}},"type":"if","locations":[{"start":{"line":51,"column":2},"end":{"line":51,"column":103}},{"start":{},"end":{}}],"line":51},"2":{"loc":{"start":{"line":51,"column":6},"end":{"line":51,"column":39}},"type":"binary-expr","locations":[{"start":{"line":51,"column":6},"end":{"line":51,"column":11}},{"start":{"line":51,"column":15},"end":{"line":51,"column":19}},{"start":{"line":51,"column":23},"end":{"line":51,"column":29}},{"start":{"line":51,"column":33},"end":{"line":51,"column":39}}],"line":51},"3":{"loc":{"start":{"line":57,"column":18},"end":{"line":57,"column":39}},"type":"binary-expr","locations":[{"start":{"line":57,"column":18},"end":{"line":57,"column":31}},{"start":{"line":57,"column":35},"end":{"line":57,"column":39}}],"line":57},"4":{"loc":{"start":{"line":61,"column":4},"end":{"line":61,"column":86}},"type":"if","locations":[{"start":{"line":61,"column":4},"end":{"line":61,"column":86}},{"start":{},"end":{}}],"line":61},"5":{"loc":{"start":{"line":72,"column":4},"end":{"line":72,"column":91}},"type":"if","locations":[{"start":{"line":72,"column":4},"end":{"line":72,"column":91}},{"start":{},"end":{}}],"line":72},"6":{"loc":{"start":{"line":78,"column":4},"end":{"line":78,"column":84}},"type":"if","locations":[{"start":{"line":78,"column":4},"end":{"line":78,"column":84}},{"start":{},"end":{}}],"line":78},"7":{"loc":{"start":{"line":79,"column":4},"end":{"line":79,"column":81}},"type":"if","locations":[{"start":{"line":79,"column":4},"end":{"line":79,"column":81}},{"start":{},"end":{}}],"line":79},"8":{"loc":{"start":{"line":80,"column":4},"end":{"line":80,"column":111}},"type":"if","locations":[{"start":{"line":80,"column":4},"end":{"line":80,"column":111}},{"start":{},"end":{}}],"line":80},"9":{"loc":{"start":{"line":81,"column":4},"end":{"line":81,"column":87}},"type":"if","locations":[{"start":{"line":81,"column":4},"end":{"line":81,"column":87}},{"start":{},"end":{}}],"line":81},"10":{"loc":{"start":{"line":82,"column":4},"end":{"line":82,"column":87}},"type":"if","locations":[{"start":{"line":82,"column":4},"end":{"line":82,"column":87}},{"start":{},"end":{}}],"line":82},"11":{"loc":{"start":{"line":83,"column":4},"end":{"line":87,"column":5}},"type":"if","locations":[{"start":{"line":83,"column":4},"end":{"line":87,"column":5}},{"start":{},"end":{}}],"line":83},"12":{"loc":{"start":{"line":89,"column":4},"end":{"line":89,"column":82}},"type":"if","locations":[{"start":{"line":89,"column":4},"end":{"line":89,"column":82}},{"start":{},"end":{}}],"line":89},"13":{"loc":{"start":{"line":98,"column":4},"end":{"line":98,"column":82}},"type":"if","locations":[{"start":{"line":98,"column":4},"end":{"line":98,"column":82}},{"start":{},"end":{}}],"line":98},"14":{"loc":{"start":{"line":107,"column":4},"end":{"line":107,"column":84}},"type":"if","locations":[{"start":{"line":107,"column":4},"end":{"line":107,"column":84}},{"start":{},"end":{}}],"line":107},"15":{"loc":{"start":{"line":118,"column":4},"end":{"line":118,"column":98}},"type":"if","locations":[{"start":{"line":118,"column":4},"end":{"line":118,"column":98}},{"start":{},"end":{}}],"line":118},"16":{"loc":{"start":{"line":141,"column":4},"end":{"line":143,"column":5}},"type":"if","locations":[{"start":{"line":141,"column":4},"end":{"line":143,"column":5}},{"start":{},"end":{}}],"line":141},"17":{"loc":{"start":{"line":141,"column":8},"end":{"line":141,"column":81}},"type":"binary-expr","locations":[{"start":{"line":141,"column":8},"end":{"line":141,"column":44}},{"start":{"line":141,"column":48},"end":{"line":141,"column":81}}],"line":141},"18":{"loc":{"start":{"line":165,"column":4},"end":{"line":165,"column":103}},"type":"if","locations":[{"start":{"line":165,"column":4},"end":{"line":165,"column":103}},{"start":{},"end":{}}],"line":165}},"s":{"0":7,"1":7,"2":7,"3":2,"4":2,"5":2,"6":2,"7":2,"8":1,"9":1,"10":3,"11":3,"12":3,"13":2,"14":1,"15":1,"16":1,"17":4,"18":4,"19":1,"20":3,"21":3,"22":3,"23":1,"24":2,"25":1,"26":1,"27":5,"28":5,"29":5,"30":5,"31":5,"32":1,"33":4,"34":4,"35":4,"36":4,"37":3,"38":3,"39":4,"40":0,"41":0,"42":4,"43":0,"44":0,"45":4,"46":0,"47":0,"48":4,"49":0,"50":0,"51":4,"52":1,"53":1,"54":1,"55":4,"56":1,"57":3,"58":3,"59":1,"60":2,"61":1,"62":1,"63":3,"64":3,"65":3,"66":2,"67":1,"68":1,"69":1,"70":4,"71":4,"72":4,"73":3,"74":1,"75":2,"76":2,"77":2,"78":2,"79":2,"80":2,"81":1,"82":1,"83":1,"84":1,"85":1,"86":1,"87":3,"88":3,"89":3,"90":2,"91":1,"92":1,"93":1,"94":1,"95":1,"96":1,"97":7},"f":{"0":2,"1":3,"2":4,"3":5,"4":3,"5":4,"6":3},"b":{"0":[1,1],"1":[1,3],"2":[4,4,3,3],"3":[3,3],"4":[1,1],"5":[1,4],"6":[3,1],"7":[0,4],"8":[0,4],"9":[0,4],"10":[0,4],"11":[1,3],"12":[1,3],"13":[1,1],"14":[1,1],"15":[1,2],"16":[1,1],"17":[2,1],"18":[1,1]},"_coverageSchema":"1a1c01bbd47fc00a2c39e90264f33305004495a9","hash":"4b1dcec4b089fc3efa65cada0c28279956f83fd9"}
,"/home/eduradolm/Documents/REQ-2026.1-T01-ProntoCare/back/src/controllers/pacientes.js": {"path":"/home/eduradolm/Documents/REQ-2026.1-T01-ProntoCare/back/src/controllers/pacientes.js","statementMap":{"0":{"start":{"line":1,"column":13},"end":{"line":1,"column":29}},"1":{"start":{"line":2,"column":15},"end":{"line":2,"column":34}},"2":{"start":{"line":3,"column":43},"end":{"line":3,"column":74}},"3":{"start":{"line":5,"column":20},"end":{"line":5,"column":22}},"4":{"start":{"line":8,"column":27},"end":{"line":8,"column":142}},"5":{"start":{"line":11,"column":2},"end":{"line":48,"column":3}},"6":{"start":{"line":12,"column":26},"end":{"line":12,"column":35}},"7":{"start":{"line":13,"column":17},"end":{"line":13,"column":27}},"8":{"start":{"line":14,"column":22},"end":{"line":14,"column":45}},"9":{"start":{"line":15,"column":23},"end":{"line":15,"column":75}},"10":{"start":{"line":17,"column":17},"end":{"line":17,"column":29}},"11":{"start":{"line":18,"column":21},"end":{"line":18,"column":22}},"12":{"start":{"line":20,"column":16},"end":{"line":25,"column":42}},"13":{"start":{"line":27,"column":4},"end":{"line":30,"column":5}},"14":{"start":{"line":28,"column":6},"end":{"line":28,"column":51}},"15":{"start":{"line":29,"column":6},"end":{"line":29,"column":31}},"16":{"start":{"line":32,"column":4},"end":{"line":35,"column":5}},"17":{"start":{"line":33,"column":6},"end":{"line":33,"column":50}},"18":{"start":{"line":34,"column":6},"end":{"line":34,"column":31}},"19":{"start":{"line":37,"column":4},"end":{"line":40,"column":5}},"20":{"start":{"line":38,"column":6},"end":{"line":38,"column":45}},"21":{"start":{"line":39,"column":6},"end":{"line":39,"column":23}},"22":{"start":{"line":42,"column":4},"end":{"line":42,"column":30}},"23":{"start":{"line":44,"column":21},"end":{"line":44,"column":52}},"24":{"start":{"line":45,"column":4},"end":{"line":45,"column":26}},"25":{"start":{"line":47,"column":4},"end":{"line":47,"column":59}},"26":{"start":{"line":52,"column":17},"end":{"line":52,"column":27}},"27":{"start":{"line":53,"column":2},"end":{"line":72,"column":3}},"28":{"start":{"line":54,"column":21},"end":{"line":54,"column":203}},"29":{"start":{"line":55,"column":4},"end":{"line":55,"column":84}},"30":{"start":{"line":55,"column":27},"end":{"line":55,"column":84}},"31":{"start":{"line":56,"column":21},"end":{"line":56,"column":28}},"32":{"start":{"line":57,"column":4},"end":{"line":57,"column":130}},"33":{"start":{"line":57,"column":74},"end":{"line":57,"column":130}},"34":{"start":{"line":60,"column":4},"end":{"line":67,"column":7}},"35":{"start":{"line":69,"column":4},"end":{"line":69,"column":30}},"36":{"start":{"line":71,"column":4},"end":{"line":71,"column":59}},"37":{"start":{"line":76,"column":123},"end":{"line":76,"column":131}},"38":{"start":{"line":77,"column":20},"end":{"line":77,"column":40}},"39":{"start":{"line":78,"column":24},"end":{"line":78,"column":57}},"40":{"start":{"line":80,"column":2},"end":{"line":80,"column":108}},"41":{"start":{"line":80,"column":46},"end":{"line":80,"column":108}},"42":{"start":{"line":82,"column":2},"end":{"line":104,"column":3}},"43":{"start":{"line":83,"column":23},"end":{"line":83,"column":60}},"44":{"start":{"line":84,"column":21},"end":{"line":84,"column":80}},"45":{"start":{"line":85,"column":21},"end":{"line":88,"column":5}},"46":{"start":{"line":91,"column":4},"end":{"line":98,"column":7}},"47":{"start":{"line":100,"column":4},"end":{"line":100,"column":41}},"48":{"start":{"line":102,"column":4},"end":{"line":102,"column":86}},"49":{"start":{"line":102,"column":30},"end":{"line":102,"column":86}},"50":{"start":{"line":103,"column":4},"end":{"line":103,"column":59}},"51":{"start":{"line":108,"column":17},"end":{"line":108,"column":27}},"52":{"start":{"line":109,"column":130},"end":{"line":109,"column":138}},"53":{"start":{"line":110,"column":20},"end":{"line":110,"column":40}},"54":{"start":{"line":111,"column":24},"end":{"line":111,"column":57}},"55":{"start":{"line":113,"column":2},"end":{"line":167,"column":3}},"56":{"start":{"line":115,"column":19},"end":{"line":115,"column":187}},"57":{"start":{"line":116,"column":4},"end":{"line":116,"column":91}},"58":{"start":{"line":116,"column":34},"end":{"line":116,"column":91}},"59":{"start":{"line":117,"column":18},"end":{"line":117,"column":32}},"60":{"start":{"line":118,"column":4},"end":{"line":118,"column":127}},"61":{"start":{"line":118,"column":71},"end":{"line":118,"column":127}},"62":{"start":{"line":120,"column":19},"end":{"line":120,"column":21}},"63":{"start":{"line":121,"column":20},"end":{"line":121,"column":22}},"64":{"start":{"line":122,"column":14},"end":{"line":122,"column":15}},"65":{"start":{"line":124,"column":4},"end":{"line":124,"column":94}},"66":{"start":{"line":124,"column":35},"end":{"line":124,"column":67}},"67":{"start":{"line":124,"column":68},"end":{"line":124,"column":92}},"68":{"start":{"line":125,"column":4},"end":{"line":125,"column":81}},"69":{"start":{"line":125,"column":29},"end":{"line":125,"column":60}},"70":{"start":{"line":125,"column":61},"end":{"line":125,"column":79}},"71":{"start":{"line":126,"column":4},"end":{"line":126,"column":113}},"72":{"start":{"line":126,"column":39},"end":{"line":126,"column":82}},"73":{"start":{"line":126,"column":83},"end":{"line":126,"column":111}},"74":{"start":{"line":127,"column":4},"end":{"line":127,"column":84}},"75":{"start":{"line":127,"column":30},"end":{"line":127,"column":62}},"76":{"start":{"line":127,"column":63},"end":{"line":127,"column":82}},"77":{"start":{"line":128,"column":4},"end":{"line":128,"column":94}},"78":{"start":{"line":128,"column":33},"end":{"line":128,"column":69}},"79":{"start":{"line":128,"column":70},"end":{"line":128,"column":92}},"80":{"start":{"line":129,"column":4},"end":{"line":129,"column":87}},"81":{"start":{"line":129,"column":31},"end":{"line":129,"column":64}},"82":{"start":{"line":129,"column":65},"end":{"line":129,"column":85}},"83":{"start":{"line":130,"column":4},"end":{"line":130,"column":96}},"84":{"start":{"line":130,"column":34},"end":{"line":130,"column":70}},"85":{"start":{"line":130,"column":71},"end":{"line":130,"column":94}},"86":{"start":{"line":131,"column":4},"end":{"line":131,"column":81}},"87":{"start":{"line":131,"column":29},"end":{"line":131,"column":60}},"88":{"start":{"line":131,"column":61},"end":{"line":131,"column":79}},"89":{"start":{"line":132,"column":4},"end":{"line":132,"column":90}},"90":{"start":{"line":132,"column":32},"end":{"line":132,"column":66}},"91":{"start":{"line":132,"column":67},"end":{"line":132,"column":88}},"92":{"start":{"line":133,"column":4},"end":{"line":133,"column":87}},"93":{"start":{"line":133,"column":31},"end":{"line":133,"column":64}},"94":{"start":{"line":133,"column":65},"end":{"line":133,"column":85}},"95":{"start":{"line":134,"column":4},"end":{"line":138,"column":5}},"96":{"start":{"line":135,"column":25},"end":{"line":135,"column":62}},"97":{"start":{"line":136,"column":6},"end":{"line":136,"column":44}},"98":{"start":{"line":137,"column":6},"end":{"line":137,"column":31}},"99":{"start":{"line":140,"column":4},"end":{"line":140,"column":82}},"100":{"start":{"line":140,"column":29},"end":{"line":140,"column":82}},"101":{"start":{"line":142,"column":4},"end":{"line":142,"column":21}},"102":{"start":{"line":143,"column":21},"end":{"line":146,"column":5}},"103":{"start":{"line":147,"column":19},"end":{"line":147,"column":26}},"104":{"start":{"line":150,"column":4},"end":{"line":159,"column":7}},"105":{"start":{"line":162,"column":4},"end":{"line":162,"column":29}},"106":{"start":{"line":163,"column":4},"end":{"line":163,"column":28}},"107":{"start":{"line":165,"column":4},"end":{"line":165,"column":82}},"108":{"start":{"line":165,"column":30},"end":{"line":165,"column":82}},"109":{"start":{"line":166,"column":4},"end":{"line":166,"column":59}},"110":{"start":{"line":171,"column":17},"end":{"line":171,"column":27}},"111":{"start":{"line":172,"column":2},"end":{"line":193,"column":3}},"112":{"start":{"line":173,"column":19},"end":{"line":173,"column":94}},"113":{"start":{"line":174,"column":4},"end":{"line":174,"column":91}},"114":{"start":{"line":174,"column":34},"end":{"line":174,"column":91}},"115":{"start":{"line":175,"column":21},"end":{"line":175,"column":35}},"116":{"start":{"line":176,"column":4},"end":{"line":176,"column":130}},"117":{"start":{"line":176,"column":74},"end":{"line":176,"column":130}},"118":{"start":{"line":178,"column":21},"end":{"line":178,"column":121}},"119":{"start":{"line":181,"column":4},"end":{"line":188,"column":7}},"120":{"start":{"line":190,"column":4},"end":{"line":190,"column":68}},"121":{"start":{"line":192,"column":4},"end":{"line":192,"column":59}},"122":{"start":{"line":197,"column":2},"end":{"line":214,"column":3}},"123":{"start":{"line":198,"column":21},"end":{"line":198,"column":212}},"124":{"start":{"line":199,"column":4},"end":{"line":199,"column":84}},"125":{"start":{"line":199,"column":27},"end":{"line":199,"column":84}},"126":{"start":{"line":202,"column":4},"end":{"line":209,"column":7}},"127":{"start":{"line":211,"column":4},"end":{"line":211,"column":29}},"128":{"start":{"line":213,"column":4},"end":{"line":213,"column":59}},"129":{"start":{"line":218,"column":2},"end":{"line":224,"column":3}},"130":{"start":{"line":219,"column":21},"end":{"line":219,"column":123}},"131":{"start":{"line":220,"column":4},"end":{"line":220,"column":84}},"132":{"start":{"line":
[...]
{"line":93,"column":4},"end":{"line":114,"column":5}},{"start":{},"end":{}}],"line":93},"16":{"loc":{"start":{"line":103,"column":12},"end":{"line":103,"column":40}},"type":"binary-expr","locations":[{"start":{"line":103,"column":12},"end":{"line":103,"column":31}},{"start":{"line":103,"column":35},"end":{"line":103,"column":40}}],"line":103},"17":{"loc":{"start":{"line":104,"column":12},"end":{"line":104,"column":50}},"type":"cond-expr","locations":[{"start":{"line":104,"column":25},"end":{"line":104,"column":30}},{"start":{"line":104,"column":33},"end":{"line":104,"column":50}}],"line":104},"18":{"loc":{"start":{"line":104,"column":33},"end":{"line":104,"column":50}},"type":"binary-expr","locations":[{"start":{"line":104,"column":33},"end":{"line":104,"column":42}},{"start":{"line":104,"column":46},"end":{"line":104,"column":50}}],"line":104},"19":{"loc":{"start":{"line":105,"column":12},"end":{"line":105,"column":48}},"type":"cond-expr","locations":[{"start":{"line":105,"column":25},"end":{"line":105,"column":30}},{"start":{"line":105,"column":33},"end":{"line":105,"column":48}}],"line":105},"20":{"loc":{"start":{"line":105,"column":33},"end":{"line":105,"column":48}},"type":"binary-expr","locations":[{"start":{"line":105,"column":33},"end":{"line":105,"column":40}},{"start":{"line":105,"column":44},"end":{"line":105,"column":48}}],"line":105},"21":{"loc":{"start":{"line":107,"column":12},"end":{"line":107,"column":40}},"type":"binary-expr","locations":[{"start":{"line":107,"column":12},"end":{"line":107,"column":24}},{"start":{"line":107,"column":28},"end":{"line":107,"column":40}}],"line":107}},"s":{"0":6,"1":6,"2":7,"3":7,"4":7,"5":7,"6":1,"7":1,"8":0,"9":6,"10":1,"11":3,"12":3,"13":3,"14":3,"15":3,"16":20,"17":20,"18":20,"19":20,"20":20,"21":2,"22":2,"23":3,"24":3,"25":0,"26":3,"27":3,"28":6},"f":{"0":7,"1":3,"2":3},"b":{"0":[7,7],"1":[7,0],"2":[7,7,0],"3":[7,7],"4":[7,0],"5":[1,6],"6":[0,0],"7":[6,0],"8":[3,3],"9":[3,0],"10":[3,3,0],"11":[3,3],"12":[3,0],"13":[18,2],"14":[18,2],"15":[2,18],"16":[2,0],"17":[0,2],"18":[2,0],"19":[0,2],"20":[2,0],"21":[2,0]},"_coverageSchema":"1a1c01bbd47fc00a2c39e90264f33305004495a9","hash":"1a907581d378199f489dcd4693892b43d97a5f76"}
,"/home/eduradolm/Documents/REQ-2026.1-T01-ProntoCare/back/src/middleware/auth.js": {"path":"/home/eduradolm/Documents/REQ-2026.1-T01-ProntoCare/back/src/middleware/auth.js","statementMap":{"0":{"start":{"line":1,"column":12},"end":{"line":1,"column":35}},"1":{"start":{"line":2,"column":0},"end":{"line":2,"column":27}},"2":{"start":{"line":4,"column":19},"end":{"line":4,"column":68}},"3":{"start":{"line":7,"column":2},"end":{"line":7,"column":54}},"4":{"start":{"line":11,"column":21},"end":{"line":11,"column":46}},"5":{"start":{"line":12,"column":2},"end":{"line":14,"column":3}},"6":{"start":{"line":13,"column":4},"end":{"line":13,"column":66}},"7":{"start":{"line":16,"column":16},"end":{"line":16,"column":40}},"8":{"start":{"line":17,"column":2},"end":{"line":22,"column":3}},"9":{"start":{"line":18,"column":4},"end":{"line":18,"column":45}},"10":{"start":{"line":19,"column":4},"end":{"line":19,"column":11}},"11":{"start":{"line":21,"column":4},"end":{"line":21,"column":61}},"12":{"start":{"line":26,"column":21},"end":{"line":26,"column":46}},"13":{"start":{"line":27,"column":2},"end":{"line":29,"column":3}},"14":{"start":{"line":28,"column":4},"end":{"line":28,"column":18}},"15":{"start":{"line":31,"column":16},"end":{"line":31,"column":40}},"16":{"start":{"line":32,"column":2},"end":{"line":37,"column":3}},"17":{"start":{"line":33,"column":4},"end":{"line":33,"column":45}},"18":{"start":{"line":34,"column":4},"end":{"line":34,"column":11}},"19":{"start":{"line":36,"column":4},"end":{"line":36,"column":18}},"20":{"start":{"line":41,"column":2},"end":{"line":46,"column":4}},"21":{"start":{"line":42,"column":4},"end":{"line":44,"column":5}},"22":{"start":{"line":43,"column":6},"end":{"line":43,"column":64}},"23":{"start":{"line":45,"column":4},"end":{"line":45,"column":11}},"24":{"start":{"line":49,"column":0},"end":{"line":49,"column":75}}},"fnMap":{"0":{"name":"gerarToken","decl":{"start":{"line":6,"column":9},"end":{"line":6,"column":19}},"loc":{"start":{"line":6,"column":47},"end":{"line":8,"column":1}},"line":6},"1":{"name":"autenticar","decl":{"start":{"line":10,"column":9},"end":{"line":10,"column":19}},"loc":{"start":{"line":10,"column":36},"end":{"line":23,"column":1}},"line":10},"2":{"name":"autenticarOpcional","decl":{"start":{"line":25,"column":9},"end":{"line":25,"column":27}},"loc":{"start":{"line":25,"column":44},"end":{"line":38,"column":1}},"line":25},"3":{"name":"autorizar","decl":{"start":{"line":40,"column":9},"end":{"line":40,"column":18}},"loc":{"start":{"line":40,"column":29},"end":{"line":47,"column":1}},"line":40},"4":{"name":"(anonymous_4)","decl":{"start":{"line":41,"column":9},"end":{"line":41,"column":10}},"loc":{"start":{"line":41,"column":29},"end":{"line":46,"column":3}},"line":41}},"branchMap":{"0":{"loc":{"start":{"line":4,"column":19},"end":{"line":4,"column":68}},"type":"binary-expr","locations":[{"start":{"line":4,"column":19},"end":{"line":4,"column":41}},{"start":{"line":4,"column":45},"end":{"line":4,"column":68}}],"line":4},"1":{"loc":{"start":{"line":6,"column":29},"end":{"line":6,"column":45}},"type":"default-arg","locations":[{"start":{"line":6,"column":41},"end":{"line":6,"column":45}}],"line":6},"2":{"loc":{"start":{"line":12,"column":2},"end":{"line":14,"column":3}},"type":"if","locations":[{"start":{"line":12,"column":2},"end":{"line":14,"column":3}},{"start":{},"end":{}}],"line":12},"3":{"loc":{"start":{"line":12,"column":6},"end":{"line":12,"column":54}},"type":"binary-expr","locations":[{"start":{"line":12,"column":6},"end":{"line":12,"column":17}},{"start":{"line":12,"column":21},"end":{"line":12,"column":54}}],"line":12},"4":{"loc":{"start":{"line":27,"column":2},"end":{"line":29,"column":3}},"type":"if","locations":[{"start":{"line":27,"column":2},"end":{"line":29,"column":3}},{"start":{},"end":{}}],"line":27},"5":{"loc":{"start":{"line":27,"column":6},"end":{"line":27,"column":54}},"type":"binary-expr","locations":[{"start":{"line":27,"column":6},"end":{"line":27,"column":17}},{"start":{"line":27,"column":21},"end":{"line":27,"column":54}}],"line":27},"6":{"loc":{"start":{"line":42,"column":4},"end":{"line":44,"column":5}},"type":"if","locations":[{"start":{"line":42,"column":4},"end":{"line":44,"column":5}},{"start":{},"end":{}}],"line":42},"7":{"loc":{"start":{"line":42,"column":8},"end":{"line":42,"column":51}},"type":"binary-expr","locations":[{"start":{"line":42,"column":8},"end":{"line":42,"column":17}},{"start":{"line":42,"column":21},"end":{"line":42,"column":51}}],"line":42}},"s":{"0":7,"1":7,"2":7,"3":27,"4":92,"5":92,"6":5,"7":87,"8":87,"9":87,"10":87,"11":0,"12":0,"13":0,"14":0,"15":0,"16":0,"17":0,"18":0,"19":0,"20":196,"21":87,"22":1,"23":86,"24":7},"f":{"0":27,"1":92,"2":0,"3":196,"4":87},"b":{"0":[7,0],"1":[27],"2":[5,87],"3":[92,87],"4":[0,0],"5":[0,0],"6":[1,86],"7":[87,87]},"_coverageSchema":"1a1c01bbd47fc00a2c39e90264f33305004495a9","hash":"efbe73b44801fa842f13de4713e701a3868ee525"}
,"/home/eduradolm/Documents/REQ-2026.1-T01-ProntoCare/back/src/routes/anamneses.js": {"path":"/home/eduradolm/Documents/REQ-2026.1-T01-ProntoCare/back/src/routes/anamneses.js","statementMap":{"0":{"start":{"line":1,"column":16},"end":{"line":1,"column":34}},"1":{"start":{"line":2,"column":34},"end":{"line":2,"column":63}},"2":{"start":{"line":3,"column":13},"end":{"line":3,"column":48}},"3":{"start":{"line":5,"column":15},"end":{"line":5,"column":31}},"4":{"start":{"line":8,"column":0},"end":{"line":8,"column":114}},"5":{"start":{"line":11,"column":0},"end":{"line":11,"column":71}},"6":{"start":{"line":12,"column":0},"end":{"line":12,"column":79}},"7":{"start":{"line":13,"column":0},"end":{"line":13,"column":62}},"8":{"start":{"line":14,"column":0},"end":{"line":14,"column":68}},"9":{"start":{"line":15,"column":0},"end":{"line":15,"column":69}},"10":{"start":{"line":17,"column":0},"end":{"line":17,"column":24}}},"fnMap":{},"branchMap":{},"s":{"0":7,"1":7,"2":7,"3":7,"4":7,"5":7,"6":7,"7":7,"8":7,"9":7,"10":7},"f":{},"b":{},"_coverageSchema":"1a1c01bbd47fc00a2c39e90264f33305004495a9","hash":"dc513bd7d1bafb511e0bc73e3180abfac372a1d9"}
,"/home/eduradolm/Documents/REQ-2026.1-T01-ProntoCare/back/src/routes/atendimentos.js": {"path":"/home/eduradolm/Documents/REQ-2026.1-T01-ProntoCare/back/src/routes/atendimentos.js","statementMap":{"0":{"start":{"line":1,"column":16},"end":{"line":1,"column":34}},"1":{"start":{"line":2,"column":34},"end":{"line":2,"column":63}},"2":{"start":{"line":3,"column":13},"end":{"line":3,"column":51}},"3":{"start":{"line":5,"column":15},"end":{"line":5,"column":31}},"4":{"start":{"line":8,"column":0},"end":{"line":8,"column":114}},"5":{"start":{"line":11,"column":0},"end":{"line":11,"column":71}},"6":{"start":{"line":12,"column":0},"end":{"line":12,"column":79}},"7":{"start":{"line":13,"column":0},"end":{"line":13,"column":62}},"8":{"start":{"line":14,"column":0},"end":{"line":14,"column":68}},"9":{"start":{"line":15,"column":0},"end":{"line":15,"column":69}},"10":{"start":{"line":17,"column":0},"end":{"line":17,"column":24}}},"fnMap":{},"branchMap":{},"s":{"0":7,"1":7,"2":7,"3":7,"4":7,"5":7,"6":7,"7":7,"8":7,"9":7,"10":7},"f":{},"b":{},"_coverageSchema":"1a1c01bbd47fc00a2c39e90264f33305004495a9","hash":"c0e9ec4629749c1fa082ce7fffb2674ee824859c"}
,"/home/eduradolm/Documents/REQ-2026.1-T01-ProntoCare/back/src/routes/auth.js": {"path":"/home/eduradolm/Documents/REQ-2026.1-T01-ProntoCare/back/src/routes/auth.js","statementMap":{"0":{"start":{"line":1,"column":16},"end":{"line":1,"column":34}},"1":{"start":{"line":2,"column":15},"end":{"line":2,"column":34}},"2":{"start":{"line":3,"column":23},"end":{"line":3,"column":52}},"3":{"start":{"line":4,"column":13},"end":{"line":4,"column":29}},"4":{"start":{"line":6,"column":15},"end":{"line":6,"column":31}},"5":{"start":{"line":8,"column":19},"end":{"line":8,"column":52}},"6":{"start":{"line":9,"column":19},"end":{"line":9,"column":52}},"7":{"start":{"line":11,"column":0},"end":{"line":54,"column":3}},"8":{"start":{"line":12,"column":27},"end":{"line":12,"column":35}},"9":{"start":{"line":14,"column":2},"end":{"line":16,"column":3}},"10":{"start":{"line":15,"column":4},"end":{"line":15,"column":77}},"11":{"start":{"line":18,"column":2},"end":{"line":21,"column":3}},"12":{"start":{"line":19,"column":18},"end":{"line":19,"column":75}},"13":{"start":{"line":20,"column":4},"end":{"line":20,"column":46}},"14":{"start":{"line":23,"column":2},"end":{"line":53,"column":3}},"15":{"start":{"line":24,"column":23},"end":{"line":24,"column":116}},"16":{"start":{"line":25,"column":4},"end":{"line":35,"column":5}},"17":{"start":{"line":26,"column":21},"end":{"line":26,"column":39}},"18":{"start":{"line":27,"column":6},"end":{"line":27,"column":84}},"19":{"start":{"line":27,"column":25},"end":{"line":27,"column":84}},"20":{"start":{"line":29,"column":26},"end":{"line":29,"column":72}},"21":{"start":{"line":30,"column":6},"end":{"line":33,"column":7}},"22":{"start":{"line":31,"column":22},"end":{"line":31,"column":86}},"23":{"start":{"line":32,"column":8},"end":{"line":32,"column":70}},"24":{"start":{"line":34,"column":6},"end":{"line":34,"column":70}},"25":{"start":{"line":37,"column":25},"end":{"line":37,"column":120}},"26":{"start":{"line":38,"column":4},"end":{"line":48,"column":5}},"27":{"start":{"line":39,"column":23},"end":{"line":39,"column":43}},"28":{"start":{"line":40,"column":6},"end":{"line":40,"column":86}},"29":{"start":{"line":40,"column":27},"end":{"line":40,"column":86}},"30":{"start":{"line":42,"column":26},"end":{"line":42,"column":74}},"31":{"start":{"line":43,"column":6},"end":{"line":46,"column":7}},"32":{"start":{"line":44,"column":22},"end":{"line":44,"column":92}},"33":{"start":{"line":45,"column":8},"end":{"line":45,"column":74}},"34":{"start":{"line":47,"column":6},"end":{"line":47,"column":70}},"35":{"start":{"line":50,"column":4},"end":{"line":50,"column":68}},"36":{"start":{"line":52,"column":4},"end":{"line":52,"column":59}},"37":{"start":{"line":56,"column":0},"end":{"line":56,"column":24}}},"fnMap":{"0":{"name":"(anonymous_0)","decl":{"start":{"line":11,"column":22},"end":{"line":11,"column":23}},"loc":{"start":{"line":11,"column":42},"end":{"line":54,"column":1}},"line":11}},"branchMap":{"0":{"loc":{"start":{"line":8,"column":19},"end":{"line":8,"column":52}},"type":"binary-expr","locations":[{"start":{"line":8,"column":19},"end":{"line":8,"column":41}},{"start":{"line":8,"column":45},"end":{"line":8,"column":52}}],"line":8},"1":{"loc":{"start":{"line":9,"column":19},"end":{"line":9,"column":52}},"type":"binary-expr","locations":[{"start":{"line":9,"column":19},"end":{"line":9,"column":41}},{"start":{"line":9,"column":45},"end":{"line":9,"column":52}}],"line":9},"2":{"loc":{"start":{"line":14,"column":2},"end":{"line":16,"column":3}},"type":"if","locations":[{"start":{"line":14,"column":2},"end":{"line":16,"column":3}},{"start":{},"end":{}}],"line":14},"3":{"loc":{"start":{"line":14,"column":6},"end":{"line":14,"column":22}},"type":"binary-expr","locations":[{"start":{"line":14,"column":6},"end":{"line":14,"column":12}},{"start":{"line":14,"column":16},"end":{"line":14,"column":22}}],"line":14},"4":{"loc":{"start":{"line":18,"column":2},"end":{"line":21,"column":3}},"type":"if","locations":[{"start":{"line":18,"column":2},"end":{"line":21,"column":3}},{"start":{},"end":{}}],"line":18},"5":{"loc":{"start":{"line":18,"column":6},"end":{"line":18,"column":50}},"type":"binary-expr","locations":[{"start":{"line":18,"column":6},"end":{"line":18,"column":26}},{"start":{"line":18,"column":30},"end":{"line":18,"column":50}}],"line":18},"6":{"loc":{"start":{"line":25,"column":4},"end":{"line":35,"column":5}},"type":"if","locations":[{"start":{"line":25,"column":4},"end":{"line":35,"column":5}},{"start":{},"end":{}}],"line":25},"7":{"loc":{"start":{"line":27,"column":6},"end":{"line":27,"column":84}},"type":"if","locations":[{"start":{"line":27,"column":6},"end":{"line":27,"column":84}},{"start":{},"end":{}}],"line":27},"8":{"loc":{"start":{"line":30,"column":6},"end":{"line":33,"column":7}},"type":"if","locations":[{"start":{"line":30,"column":6},"end":{"line":33,"column":7}},{"start":{},"end":{}}],"line":30},"9":{"loc":{"start":{"line":38,"column":4},"end":{"line":48,"column":5}},"type":"if","locations":[{"start":{"line":38,"column":4},"end":{"line":48,"column":5}},{"start":{},"end":{}}],"line":38},"10":{"loc":{"start":{"line":40,"column":6},"end":{"line":40,"column":86}},"type":"if","locations":[{"start":{"line":40,"column":6},"end":{"line":40,"column":86}},{"start":{},"end":{}}],"line":40},"11":{"loc":{"start":{"line":43,"column":6},"end":{"line":46,"column":7}},"type":"if","locations":[{"start":{"line":43,"column":6},"end":{"line":46,"column":7}},{"start":{},"end":{}}],"line":43}},"s":{"0":7,"1":7,"2":7,"3":7,"4":7,"5":7,"6":7,"7":7,"8":4,"9":4,"10":0,"11":4,"12":1,"13":1,"14":3,"15":3,"16":3,"17":1,"18":1,"19":0,"20":1,"21":1,"22":1,"23":1,"24":0,"25":2,"26":2,"27":1,"28":1,"29":0,"30":1,"31":1,"32":1,"33":1,"34":0,"35":1,"36":0,"37":7},"f":{"0":4},"b":{"0":[7,0],"1":[7,0],"2":[0,4],"3":[4,4],"4":[1,3],"5":[4,1],"6":[1,2],"7":[0,1],"8":[1,0],"9":[1,1],"10":[0,1],"11":[1,0]},"_coverageSchema":"1a1c01bbd47fc00a2c39e90264f33305004495a9","hash":"4b821b4681d38f3a0515fc898a0566283262e5c0"}
,"/home/eduradolm/Documents/REQ-2026.1-T01-ProntoCare/back/src/routes/blockchain.js": {"path":"/home/eduradolm/Documents/REQ-2026.1-T01-ProntoCare/back/src/routes/blockchain.js","statementMap":{"0":{"start":{"line":1,"column":16},"end":{"line":1,"column":34}},"1":{"start":{"line":2,"column":34},"end":{"line":2,"column":63}},"2":{"start":{"line":3,"column":13},"end":{"line":3,"column":49}},"3":{"start":{"line":5,"column":15},"end":{"line":5,"column":31}},"4":{"start":{"line":8,"column":0},"end":{"line":8,"column":80}},"5":{"start":{"line":11,"column":0},"end":{"line":11,"column":109}},"6":{"start":{"line":14,"column":0},"end":{"line":14,"column":115}},"7":{"start":{"line":17,"column":0},"end":{"line":17,"column":127}},"8":{"start":{"line":19,"column":0},"end":{"line":19,"column":24}}},"fnMap":{},"branchMap":{},"s":{"0":7,"1":7,"2":7,"3":7,"4":7,"5":7,"6":7,"7":7,"8":7},"f":{},"b":{},"_coverageSchema":"1a1c01bbd47fc00a2c39e90264f33305004495a9","hash":"768a75546c790f4915ec16af8c4224f2aec21fd9"}
,"/home/eduradolm/Documents/REQ-2026.1-T01-ProntoCare/back/src/routes/logs.js": {"path":"/home/eduradolm/Documents/REQ-2026.1-T01-ProntoCare/back/src/routes/logs.js","statementMap":{"0":{"start":{"line":1,"column":16},"end":{"line":1,"column":34}},"1":{"start":{"line":2,"column":34},"end":{"line":2,"column":63}},"2":{"start":{"line":3,"column":13},"end":{"line":3,"column":43}},"3":{"start":{"line":5,"column":15},"end":{"line":5,"column":31}},"4":{"start":{"line":8,"column":0},"end":{"line":8,"column":114}},"5":{"start":{"line":10,"column":0},"end":{"line":10,"column":24}}},"fnMap":{},"branchMap":{},"s":{"0":7,"1":7,"2":7,"3":7,"4":7,"5":7},"f":{},"b":{},"_coverageSchema":"1a1c01bbd47fc00a2c39e90264f33305004495a9","hash":"a121f5e280fec6052539ae067ac8ccbd3a8b1d65"}
,"/home/eduradolm/Documents/REQ-2026.1-T01-ProntoCare/back/src/routes/medicos.js": {"path":"/home/eduradolm/Documents/REQ-2026.1-T01-ProntoCare/back/src/routes/medicos.js","statementMap":{"0":{"start":{"line":1,"column":16},"end":{"line":1,"column":34}},"1":{"start":{"line":2,"column":34},"end":{"line":2,"column":63}},"2":{"start":{"line":3,"column":13},"end":{"line":3,"column":46}},"3":{"start":{"line":5,"column":15},"end":{"line":5,"column":31}},"4":{"start":{"line":7,"column":0},"end":{"line":7,"column":43}},"5":{"start":{"line":9,"column":0},"end":{"line":9,"column":29}},"6":{"start":{"line":10,"column":0},"end":{"line":10,"column":37}},"7":{"start":{"line":11,"column":0},"end":{"line":11,"column":49}},"8":{"start":{"line":12,"column":0},"end":{"line":12,"column":29}},"9":{"start":{"line":13,"column":0},"end":{"line":13,"column":35}},"10":{"start":{"line":14,"column":0},"end":{"line":14,"column":36}},"11":{"start":{"line":15,"column":0},"end":{"line":15,"column":57}},"12":{"start":{"line":17,"column":0},"end":{"line":17,"column":24}}},"fnMap":{},"branchMap":{},"s":{"0":7,"1":7,"2":7,"3":7,"4":7,"5":7,"6":7,"7":7,"8":7,"9":7,"10":7,"11":7,"12":7},"f":{},"b":{},"_coverageSchema":"1a1c01bbd47fc00a2c39e90264f33305004495a9","hash":"7eb1950eae23b035976edb26ab6fe5ff8c7ee332"}
,"/home/eduradolm/Documents/REQ-2026.1-T01-ProntoCare/back/src/routes/pacientes.js": {"path":"/home/eduradolm/Documents/REQ-2026.1-T01-ProntoCare/back/src/routes/pacientes.js","statementMap":{"0":{"start":{"line":1,"column":16},"end":{"line":1,"column":34}},"1":{"start":{"line":2,"column":34},"end":{"line":2,"column":63}},"2":{"start":{"line":3,"column":13},"end":{"line":3,"column":48}},"3":{"start":{"line":5,"column":15},"end":{"line":5,"column":31}},"4":{"start":{"line":7,"column":0},"end":{"line":7,"column":71}},"5":{"start":{"line":8,"column":0},"end":{"line":8,"column":80}},"6":{"start":{"line":9,"column":0},"end":{"line":9,"column":82}},"7":{"start":{"line":11,"column":0},"end":{"line":11,"column":71}},"8":{"start":{"line":12,"column":0},"end":{"line":12,"column":86}},"9":{"start":{"line":13,"column":0},"end":{"line":13,"column":79}},"10":{"start":{"line":14,"column":0},"end":{"line":14,"column":62}},"11":{"start":{"line":15,"column":0},"end":{"line":15,"column":68}},"12":{"start":{"line":16,"column":0},"end":{"line":16,"column":69}},"13":{"start":{"line":17,"column":0},"end":{"line":17,"column":90}},"14":{"start":{"line":19,"column":0},"end":{"line":19,"column":24}}},"fnMap":{},"branchMap":{},"s":{"0":7,"1":7,"2":7,"3":7,"4":7,"5":7,"6":7,"7":7,"8":7,"9":7,"10":7,"11":7,"12":7,"13":7,"14":7},"f":{},"b":{},"_coverageSchema":"1a1c01bbd47fc00a2c39e90264f33305004495a9","hash":"f688a0ab90415576bc3510170a2e1172c5c422cf"}
}
