TN:
SF:app.js
FN:18,(anonymous_0)
FN:30,(anonymous_1)
FNF:2
FNH:0
FNDA:0,(anonymous_0)
FNDA:0,(anonymous_1)
DA:1,7
DA:2,7
DA:3,7
DA:5,7
DA:6,7
DA:7,7
DA:8,7
DA:9,7
DA:10,7
DA:11,7
DA:13,7
DA:15,7
DA:16,7
DA:18,7
DA:19,0
DA:22,7
DA:23,7
DA:24,7
DA:25,7
DA:26,7
DA:27,7
DA:28,7
DA:30,7
DA:31,0
DA:34,7
LF:25
LH:23
BRF:0
BRH:0
end_of_record
TN:
SF:src/controllers/anamneses.js
FN:10,criar
FN:53,listar
FN:92,buscarPorId
FN:124,historicoPaciente
FN:159,atualizar
FN:208,excluir
FNF:6
FNH:6
FNDA:3,criar
FNDA:1,listar
FNDA:2,buscarPorId
FNDA:1,historicoPaciente
FNDA:1,atualizar
FNDA:2,excluir
DA:1,7
DA:2,7
DA:4,7
DA:11,3
DA:13,3
DA:14,3
DA:15,1
DA:18,2
DA:20,2
DA:21,2
DA:22,2
DA:23,1
DA:26,1
DA:34,1
DA:43,1
DA:45,0
DA:46,0
DA:54,1
DA:55,1
DA:57,1
DA:66,1
DA:67,1
DA:69,1
DA:70,1
DA:71,1
DA:74,1
DA:75,0
DA:76,0
DA:79,1
DA:81,1
DA:82,1
DA:84,0
DA:85,0
DA:93,2
DA:94,2
DA:95,2
DA:107,2
DA:109,2
DA:110,2
DA:111,1
DA:114,1
DA:116,0
DA:117,0
DA:125,1
DA:126,1
DA:127,1
DA:128,1
DA:129,1
DA:130,1
DA:131,0
DA:133,0
DA:134,0
DA:135,0
DA:139,1
DA:149,1
DA:151,0
DA:152,0
DA:160,1
DA:161,1
DA:163,1
DA:164,1
DA:168,1
DA:169,1
DA:170,1
DA:171,0
DA:174,1
DA:175,1
DA:176,0
DA:179,1
DA:184,1
DA:187,1
DA:198,1
DA:200,0
DA:201,0
DA:209,2
DA:210,2
DA:211,2
DA:212,2
DA:213,2
DA:214,0
DA:218,2
DA:219,2
DA:220,2
DA:221,2
DA:222,1
DA:226,1
DA:235,1
DA:236,1
DA:238,0
DA:239,0
DA:243,7
LF:91
LH:70
BRDA:13,0,0,0
BRDA:13,0,1,3
BRDA:14,1,0,1
BRDA:14,1,1,2
BRDA:14,2,0,3
BRDA:14,2,1,2
BRDA:21,3,0,0
BRDA:21,3,1,2
BRDA:22,4,0,1
BRDA:22,4,1,1
BRDA:22,5,0,2
BRDA:22,5,1,2
BRDA:69,6,0,1
BRDA:69,6,1,0
BRDA:74,7,0,0
BRDA:74,7,1,1
BRDA:107,8,0,0
BRDA:107,8,1,2
BRDA:110,9,0,1
BRDA:110,9,1,1
BRDA:110,10,0,2
BRDA:110,10,1,2
BRDA:127,11,0,1
BRDA:127,11,1,0
BRDA:129,12,0,0
BRDA:129,12,1,1
BRDA:130,13,0,0
BRDA:130,13,1,1
BRDA:133,14,0,0
BRDA:133,14,1,0
BRDA:134,15,0,0
BRDA:134,15,1,0
BRDA:168,16,0,0
BRDA:168,16,1,1
BRDA:170,17,0,0
BRDA:170,17,1,1
BRDA:170,18,0,1
BRDA:170,18,1,1
BRDA:174,19,0,0
BRDA:174,19,1,1
BRDA:175,20,0,0
BRDA:175,20,1,1
BRDA:175,21,0,1
BRDA:175,21,1,1
BRDA:175,21,2,1
BRDA:212,22,0,0
BRDA:212,22,1,2
BRDA:213,23,0,0
BRDA:213,23,1,2
BRDA:213,24,0,2
BRDA:213,24,1,2
BRDA:221,25,0,1
BRDA:221,25,1,1
BRF:53
BRH:35
end_of_record
TN:
SF:src/controllers/atendimentos.js
FN:12,criar
FN:64,listar
FN:107,buscarPorId
FN:142,historicoPaciente
FN:182,atualizar
FN:252,excluir
FNF:6
FNH:6
FNDA:2,criar
FNDA:1,listar
FNDA:2,buscarPorId
FNDA:1,historicoPaciente
FNDA:1,atualizar
FNDA:2,excluir
DA:1,7
DA:2,7
DA:5,7
DA:13,2
DA:15,2
DA:18,2
DA:19,1
DA:22,1
DA:24,1
DA:25,1
DA:26,1
DA:27,0
DA:31,1
DA:32,1
DA:33,1
DA:36,1
DA:44,1
DA:53,1
DA:55,0
DA:56,0
DA:65,1
DA:66,1
DA:68,1
DA:79,1
DA:80,1
DA:83,1
DA:84,1
DA:85,1
DA:88,1
DA:89,0
DA:90,0
DA:93,1
DA:95,1
DA:96,1
DA:98,0
DA:99,0
DA:108,2
DA:109,2
DA:110,2
DA:124,2
DA:126,2
DA:127,2
DA:128,1
DA:131,1
DA:133,0
DA:134,0
DA:143,1
DA:144,1
DA:146,1
DA:147,1
DA:148,1
DA:149,1
DA:150,0
DA:152,0
DA:153,0
DA:154,0
DA:158,1
DA:170,1
DA:172,0
DA:173,0
DA:183,1
DA:184,1
DA:186,1
DA:188,1
DA:192,1
DA:193,1
DA:194,1
DA:195,0
DA:198,1
DA:199,1
DA:200,1
DA:202,1
DA:203,1
DA:204,1
DA:205,1
DA:206,1
DA:207,1
DA:208,1
DA:211,1
DA:212,1
DA:213,1
DA:214,0
DA:215,0
DA:216,0
DA:219,1
DA:221,1
DA:222,1
DA:227,1
DA:230,1
DA:241,1
DA:243,0
DA:244,0
DA:253,2
DA:254,2
DA:255,2
DA:256,2
DA:257,2
DA:258,0
DA:262,2
DA:263,2
DA:264,2
DA:265,2
DA:266,1
DA:270,1
DA:279,1
DA:280,1
DA:282,0
DA:283,0
DA:287,7
LF:109
LH:85
BRDA:15,0,0,0
BRDA:15,0,1,2
BRDA:18,1,0,1
BRDA:18,1,1,1
BRDA:18,2,0,2
BRDA:18,2,1,1
BRDA:18,2,2,1
BRDA:18,2,3,1
BRDA:25,3,0,0
BRDA:25,3,1,1
BRDA:26,4,0,0
BRDA:26,4,1,1
BRDA:26,5,0,1
BRDA:26,5,1,1
BRDA:32,6,0,1
BRDA:32,6,1,0
BRDA:32,7,0,1
BRDA:32,7,1,1
BRDA:32,7,2,1
BRDA:40,8,0,1
BRDA:40,8,1,0
BRDA:40,9,0,1
BRDA:40,9,1,0
BRDA:40,10,0,1
BRDA:40,10,1,0
BRDA:40,11,0,1
BRDA:40,11,1,1
BRDA:40,12,0,1
BRDA:40,12,1,1
BRDA:40,13,0,1
BRDA:40,13,1,1
BRDA:83,14,0,1
BRDA:83,14,1,0
BRDA:88,15,0,0
BRDA:88,15,1,1
BRDA:124,16,0,0
BRDA:124,16,1,2
BRDA:127,17,0,1
BRDA:127,17,1,1
BRDA:127,18,0,2
BRDA:127,18,1,2
BRDA:146,19,0,1
BRDA:146,19,1,0
BRDA:148,20,0,0
BRDA:148,20,1,1
BRDA:149,21,0,0
BRDA:149,21,1,1
BRDA:152,22,0,0
BRDA:152,22,1,0
BRDA:153,23,0,0
BRDA:153,23,1,0
BRDA:192,24,0,0
BRDA:192,24,1,1
BRDA:194,25,0,0
BRDA:194,25,1,1
BRDA:194,26,0,1
BRDA:194,26,1,1
BRDA:202,27,0,0
BRDA:202,27,1,1
BRDA:203,28,0,0
BRDA:203,28,1,1
BRDA:204,29,0,1
BRDA:204,29,1,0
BRDA:205,30,0,0
BRDA:205,30,1,1
BRDA:206,31,0,0
BRDA:206,31,1,1
BRDA:207,32,0,0
BRDA:207,32,1,1
BRDA:208,33,0,0
BRDA:208,33,1,1
BRDA:211,34,0,0
BRDA:211,34,1,1
BRDA:212,35,0,0
BRDA:212,35,1,1
BRDA:213,36,0,0
BRDA:213,36,1,1
BRDA:213,37,0,1
BRDA:213,37,1,0
BRDA:213,37,2,0
BRDA:219,38,0,0
BRDA:219,38,1,1
BRDA:256,39,0,0
BRDA:256,39,1,2
BRDA:257,40,0,0
BRDA:257,40,1,2
BRDA:257,41,0,2
BRDA:257,41,1,2
BRDA:265,42,0,1
BRDA:265,42,1,1
BRF:90
BRH:56
end_of_record
TN:
SF:src/controllers/blockchain.js
FN:8,registrarBloco
FN:95,listarCadeia
FN:133,ultimoBloco
FN:175,verificarIntegridade
FNF:4
FNH:4
FNDA:8,registrarBloco
FNDA:5,listarCadeia
FNDA:6,ultimoBloco
FNDA:7,verificarIntegridade
DA:1,7
DA:2,7
DA:22,8
DA:24,8
DA:25,1
DA:28,7
DA:30,7
DA:31,6
DA:32,1
DA:34,5
DA:35,1
DA:39,4
DA:44,4
DA:45,2
DA:46,1
DA:52,1
DA:53,1
DA:57,2
DA:58,1
DA:61,1
DA:85,1
DA:87,1
DA:88,1
DA:96,5
DA:98,5
DA:100,5
DA:101,2
DA:102,2
DA:103,1
DA:104,1
DA:106,3
DA:107,1
DA:108,1
DA:112,2
DA:122,1
DA:124,1
DA:125,1
DA:134,6
DA:136,6
DA:138,6
DA:139,2
DA:140,2
DA:141,1
DA:142,1
DA:144,4
DA:145,1
DA:146,1
DA:150,3
DA:160,2
DA:161,1
DA:164,1
DA:166,1
DA:167,1
DA:176,7
DA:178,7
DA:180,7
DA:181,2
DA:182,2
DA:183,1
DA:184,1
DA:186,5
DA:187,1
DA:188,1
DA:192,4
DA:201,3
DA:210,3
DA:211,1
DA:215,2
DA:216,2
DA:217,1
DA:226,1
DA:232,1
DA:233,1
DA:237,7
LF:74
LH:74
BRDA:24,0,0,1
BRDA:24,0,1,7
BRDA:24,1,0,8
BRDA:24,1,1,7
BRDA:24,1,2,7
BRDA:24,1,3,7
BRDA:24,1,4,7
BRDA:24,1,5,7
BRDA:31,2,0,1
BRDA:31,2,1,5
BRDA:34,3,0,1
BRDA:34,3,1,4
BRDA:34,4,0,5
BRDA:34,4,1,5
BRDA:44,5,0,2
BRDA:44,5,1,2
BRDA:45,6,0,1
BRDA:45,6,1,1
BRDA:52,7,0,1
BRDA:52,7,1,0
BRDA:57,8,0,1
BRDA:57,8,1,1
BRDA:57,9,0,2
BRDA:57,9,1,1
BRDA:69,10,0,1
BRDA:69,10,1,1
BRDA:71,11,0,1
BRDA:71,11,1,1
BRDA:72,12,0,1
BRDA:72,12,1,1
BRDA:73,13,0,1
BRDA:73,13,1,1
BRDA:75,14,0,1
BRDA:75,14,1,1
BRDA:78,15,0,1
BRDA:78,15,1,1
BRDA:80,16,0,1
BRDA:80,16,1,0
BRDA:100,17,0,2
BRDA:100,17,1,3
BRDA:102,18,0,1
BRDA:102,18,1,1
BRDA:103,19,0,1
BRDA:103,19,1,0
BRDA:106,20,0,1
BRDA:106,20,1,2
BRDA:107,21,0,1
BRDA:107,21,1,0
BRDA:138,22,0,2
BRDA:138,22,1,4
BRDA:140,23,0,1
BRDA:140,23,1,1
BRDA:141,24,0,1
BRDA:141,24,1,0
BRDA:144,25,0,1
BRDA:144,25,1,3
BRDA:145,26,0,1
BRDA:145,26,1,0
BRDA:160,27,0,1
BRDA:160,27,1,1
BRDA:180,28,0,2
BRDA:180,28,1,5
BRDA:182,29,0,1
BRDA:182,29,1,1
BRDA:183,30,0,1
BRDA:183,30,1,0
BRDA:186,31,0,1
BRDA:186,31,1,4
BRDA:187,32,0,1
BRDA:187,32,1,0
BRDA:210,33,0,1
BRDA:210,33,1,2
BRDA:216,34,0,1
BRDA:216,34,1,1
BRF:74
BRH:66
end_of_record
TN:
SF:src/controllers/logs.js
FN:8,listarPorPaciente
FNF:1
FNH:1
FNDA:5,listarPorPaciente
DA:1,7
DA:2,7
DA:9,5
DA:11,5
DA:13,5
DA:14,2
DA:15,2
DA:16,2
DA:17,1
DA:19,3
DA:20,2
DA:21,1
DA:25,3
DA:26,3
DA:28,0
DA:29,0
DA:33,7
LF:17
LH:15
BRDA:13,0,0,2
BRDA:13,0,1,3
BRDA:15,1,0,0
BRDA:15,1,1,2
BRDA:16,2,0,1
BRDA:16,2,1,1
BRDA:19,3,0,2
BRDA:19,3,1,1
BRDA:20,4,0,1
BRDA:20,4,1,1
BRF:10
BRH:9
end_of_record
TN:
SF:src/controllers/medicos.js
FN:6,listar
FN:35,buscarPorId
FN:49,criar
FN:66,atualizar
FN:103,excluir
FN:114,excluirPermanente
FN:158,buscarDetalhes
FNF:7
FNH:7
FNDA:2,listar
FNDA:3,buscarPorId
FNDA:4,criar
FNDA:5,atualizar
FNDA:3,excluir
FNDA:4,excluirPermanente
FNDA:3,buscarDetalhes
DA:1,7
DA:2,7
DA:4,7
DA:7,2
DA:8,2
DA:9,2
DA:10,2
DA:12,2
DA:29,1
DA:31,1
DA:36,3
DA:37,3
DA:38,3
DA:42,2
DA:43,1
DA:45,1
DA:50,4
DA:51,4
DA:53,3
DA:54,3
DA:55,3
DA:59,1
DA:61,2
DA:62,1
DA:67,5
DA:68,5
DA:70,5
DA:71,5
DA:72,5
DA:74,4
DA:75,4
DA:76,4
DA:78,4
DA:79,4
DA:80,4
DA:81,4
DA:82,4
DA:83,4
DA:84,1
DA:85,1
DA:86,1
DA:89,4
DA:91,3
DA:92,3
DA:96,1
DA:98,2
DA:99,1
DA:104,3
DA:105,3
DA:106,3
DA:107,2
DA:108,1
DA:110,1
DA:115,4
DA:116,4
DA:117,4
DA:118,3
DA:121,2
DA:122,2
DA:123,2
DA:126,2
DA:134,2
DA:141,2
DA:142,1
DA:146,1
DA:149,1
DA:151,1
DA:153,1
DA:154,1
DA:159,3
DA:160,3
DA:161,3
DA:165,2
DA:166,1
DA:168,1
DA:173,1
DA:181,1
DA:187,1
DA:191,7
LF:79
LH:79
BRDA:42,0,0,1
BRDA:42,0,1,1
BRDA:51,1,0,1
BRDA:51,1,1,3
BRDA:51,2,0,4
BRDA:51,2,1,4
BRDA:51,2,2,3
BRDA:51,2,3,3
BRDA:57,3,0,3
BRDA:57,3,1,3
BRDA:61,4,0,1
BRDA:61,4,1,1
BRDA:72,5,0,1
BRDA:72,5,1,4
BRDA:78,6,0,3
BRDA:78,6,1,1
BRDA:79,7,0,0
BRDA:79,7,1,4
BRDA:80,8,0,0
BRDA:80,8,1,4
BRDA:81,9,0,0
BRDA:81,9,1,4
BRDA:82,10,0,0
BRDA:82,10,1,4
BRDA:83,11,0,1
BRDA:83,11,1,3
BRDA:89,12,0,1
BRDA:89,12,1,3
BRDA:98,13,0,1
BRDA:98,13,1,1
BRDA:107,14,0,1
BRDA:107,14,1,1
BRDA:118,15,0,1
BRDA:118,15,1,2
BRDA:141,16,0,1
BRDA:141,16,1,1
BRDA:141,17,0,2
BRDA:141,17,1,1
BRDA:165,18,0,1
BRDA:165,18,1,1
BRF:40
BRH:36
end_of_record
TN:
SF:src/controllers/pacientes.js
FN:10,listar
FN:51,buscarPorId
FN:75,criar
FN:107,atualizar
FN:170,excluir
FN:196,minhasConta
FN:217,solicitarExclusao
FN:227,exportarDados
FN:240,exportarTodos
FN:262,excluirPermanente
FNF:10
FNH:10
FNDA:2,listar
FNDA:1,buscarPorId
FNDA:1,criar
FNDA:1,atualizar
FNDA:1,excluir
FNDA:1,minhasConta
FNDA:1,solicitarExclusao
FNDA:1,exportarDados
FNDA:1,exportarTodos
FNDA:2,excluirPermanente
DA:1,7
DA:2,7
DA:3,7
DA:5,7
DA:8,7
DA:11,2
DA:12,2
DA:13,2
DA:14,2
DA:15,2
DA:17,2
DA:18,2
DA:20,2
DA:27,2
DA:28,1
DA:29,1
DA:32,2
DA:33,1
DA:34,1
DA:37,2
DA:38,1
DA:39,1
DA:42,2
DA:44,2
DA:45,2
DA:47,0
DA:52,1
DA:53,1
DA:54,1
DA:55,1
DA:56,1
DA:57,1
DA:60,0
DA:69,0
DA:71,0
DA:76,1
DA:77,1
DA:78,1
DA:80,1
DA:82,1
DA:83,1
DA:84,1
DA:85,1
DA:91,1
DA:100,1
DA:102,0
DA:103,0
DA:108,1
DA:109,1
DA:110,1
DA:111,1
DA:113,1
DA:115,1
DA:116,1
DA:117,1
DA:118,1
DA:120,1
DA:121,1
DA:122,1
DA:124,1
DA:125,1
DA:126,1
DA:127,1
DA:128,1
DA:129,1
DA:130,1
DA:131,1
DA:132,1
DA:133,1
DA:134,1
DA:135,0
DA:136,0
DA:137,0
DA:140,1
DA:142,1
DA:143,1
DA:147,1
DA:150,1
DA:162,1
DA:163,1
DA:165,0
DA:166,0
DA:171,1
DA:172,1
DA:173,1
DA:174,1
DA:175,1
DA:176,1
DA:178,1
DA:181,1
DA:190,1
DA:192,0
DA:197,1
DA:198,1
DA:199,1
DA:202,1
DA:211,1
DA:213,0
DA:218,1
DA:219,1
DA:220,1
DA:221,1
DA:223,0
DA:228,1
DA:229,1
DA:230,1
DA:232,1
DA:233,1
DA:234,1
DA:236,0
DA:241,1
DA:242,1
DA:243,1
DA:244,1
DA:247,1
DA:248,1
DA:249,1
DA:252,1
DA:254,1
DA:255,1
DA:256,1
DA:258,0
DA:263,2
DA:264,2
DA:265,2
DA:266,2
DA:269,2
DA:270,0
DA:274,2
DA:275,2
DA:276,2
DA:279,2
DA:285,2
DA:290,2
DA:291,1
DA:295,1
DA:297,1
DA:299,0
DA:300,0
DA:304,7
LF:140
LH:121
BRDA:27,0,0,1
BRDA:27,0,1,1
BRDA:32,1,0,1
BRDA:32,1,1,1
BRDA:37,2,0,1
BRDA:37,2,1,1
BRDA:55,3,0,0
BRDA:55,3,1,1
BRDA:57,4,0,1
BRDA:57,4,1,0
BRDA:57,5,0,1
BRDA:57,5,1,1
BRDA:77,6,0,1
BRDA:77,6,1,1
BRDA:78,7,0,1
BRDA:78,7,1,1
BRDA:80,8,0,0
BRDA:80,8,1,1
BRDA:80,9,0,1
BRDA:80,9,1,1
BRDA:80,9,2,1
BRDA:80,9,3,1
BRDA:84,10,0,1
BRDA:84,10,1,0
BRDA:84,11,0,1
BRDA:84,11,1,1
BRDA:87,12,0,1
BRDA:87,12,1,1
BRDA:87,13,0,1
BRDA:87,13,1,1
BRDA:87,14,0,1
BRDA:87,14,1,1
BRDA:87,15,0,1
BRDA:87,15,1,1
BRDA:87,16,0,1
BRDA:87,16,1,1
BRDA:87,17,0,1
BRDA:87,17,1,1
BRDA:102,18,0,0
BRDA:102,18,1,0
BRDA:110,19,0,1
BRDA:110,19,1,1
BRDA:111,20,0,1
BRDA:111,20,1,1
BRDA:116,21,0,0
BRDA:116,21,1,1
BRDA:118,22,0,0
BRDA:118,22,1,1
BRDA:118,23,0,1
BRDA:118,23,1,1
BRDA:124,24,0,1
BRDA:124,24,1,0
BRDA:125,25,0,0
BRDA:125,25,1,1
BRDA:126,26,0,0
BRDA:126,26,1,1
BRDA:127,27,0,0
BRDA:127,27,1,1
BRDA:128,28,0,0
BRDA:128,28,1,1
BRDA:129,29,0,0
BRDA:129,29,1,1
BRDA:130,30,0,0
BRDA:130,30,1,1
BRDA:131,31,0,0
BRDA:131,31,1,1
BRDA:132,32,0,0
BRDA:132,32,1,1
BRDA:133,33,0,0
BRDA:133,33,1,1
BRDA:134,34,0,0
BRDA:134,34,1,1
BRDA:140,35,0,0
BRDA:140,35,1,1
BRDA:165,36,0,0
BRDA:165,36,1,0
BRDA:174,37,0,0
BRDA:174,37,1,1
BRDA:176,38,0,0
BRDA:176,38,1,1
BRDA:176,39,0,1
BRDA:176,39,1,1
BRDA:199,40,0,0
BRDA:199,40,1,1
BRDA:220,41,0,0
BRDA:220,41,1,1
BRDA:230,42,0,0
BRDA:230,42,1,1
BRDA:247,43,0,1
BRDA:247,43,1,0
BRDA:266,44,0,0
BRDA:266,44,1,2
BRDA:269,45,0,0
BRDA:269,45,1,2
BRDA:269,46,0,2
BRDA:269,46,1,2
BRDA:290,47,0,1
BRDA:290,47,1,1
BRDA:290,48,0,2
BRDA:290,48,1,1
BRF:100
BRH:70
end_of_record
TN:
SF:src/db/index.js
FNF:0
FNH:0
DA:1,7
DA:2,7
DA:4,7
DA:9,7
LF:4
LH:4
BRDA:6,0,0,7
BRDA:6,0,1,0
BRF:2
BRH:1
end_of_record
TN:
SF:src/helpers/auditoria.js
FN:35,registrarAcao
FN:78,registrarEdicao
FN:127,buscarLogsPaciente
FNF:3
FNH:3
FNDA:7,registrarAcao
FNDA:3,registrarEdicao
FNDA:3,buscarLogsPaciente
DA:1,6
DA:7,6
DA:36,7
DA:37,7
DA:39,7
DA:40,7
DA:41,1
DA:47,1
DA:48,0
DA:52,6
DA:58,1
DA:79,3
DA:80,3
DA:82,3
DA:83,3
DA:85,3
DA:86,20
DA:87,20
DA:90,20
DA:91,20
DA:93,20
DA:94,2
DA:95,2
DA:117,3
DA:118,3
DA:120,0
DA:128,3
DA:136,3
DA:139,6
LF:29
LH:27
BRDA:36,0,0,7
BRDA:36,0,1,7
BRDA:36,1,0,7
BRDA:36,1,1,0
BRDA:36,2,0,7
BRDA:36,2,1,7
BRDA:36,2,2,0
BRDA:37,3,0,7
BRDA:37,3,1,7
BRDA:37,4,0,7
BRDA:37,4,1,0
BRDA:40,5,0,1
BRDA:40,5,1,6
BRDA:47,6,0,0
BRDA:47,6,1,0
BRDA:55,7,0,6
BRDA:55,7,1,0
BRDA:82,8,0,3
BRDA:82,8,1,3
BRDA:82,9,0,3
BRDA:82,9,1,0
BRDA:82,10,0,3
BRDA:82,10,1,3
BRDA:82,10,2,0
BRDA:83,11,0,3
BRDA:83,11,1,3
BRDA:83,12,0,3
BRDA:83,12,1,0
BRDA:90,13,0,18
BRDA:90,13,1,2
BRDA:91,14,0,18
BRDA:91,14,1,2
BRDA:93,15,0,2
BRDA:93,15,1,18
BRDA:103,16,0,2
BRDA:103,16,1,0
BRDA:104,17,0,0
BRDA:104,17,1,2
BRDA:104,18,0,2
BRDA:104,18,1,0
BRDA:105,19,0,0
BRDA:105,19,1,2
BRDA:105,20,0,2
BRDA:105,20,1,0
BRDA:107,21,0,2
BRDA:107,21,1,0
BRF:46
BRH:31
end_of_record
TN:
SF:src/middleware/auth.js
FN:6,gerarToken
FN:10,autenticar
FN:25,autenticarOpcional
FN:40,autorizar
FN:41,(anonymous_4)
FNF:5
FNH:4
FNDA:27,gerarToken
FNDA:92,autenticar
FNDA:0,autenticarOpcional
FNDA:196,autorizar
FNDA:87,(anonymous_4)
DA:1,7
DA:2,7
DA:4,7
DA:7,27
DA:11,92
DA:12,92
DA:13,5
DA:16,87
DA:17,87
DA:18,87
DA:19,87
DA:21,0
DA:26,0
DA:27,0
DA:28,0
DA:31,0
DA:32,0
DA:33,0
DA:34,0
DA:36,0
DA:41,196
DA:42,87
DA:43,1
DA:45,86
DA:49,7
LF:25
LH:16
BRDA:4,0,0,7
BRDA:4,0,1,0
BRDA:6,1,0,27
BRDA:12,2,0,5
BRDA:12,2,1,87
BRDA:12,3,0,92
BRDA:12,3,1,87
BRDA:27,4,0,0
BRDA:27,4,1,0
BRDA:27,5,0,0
BRDA:27,5,1,0
BRDA:42,6,0,1
BRDA:42,6,1,86
BRDA:42,7,0,87
BRDA:42,7,1,87
BRF:15
BRH:10
end_of_record
TN:
SF:src/routes/anamneses.js
FNF:0
FNH:0
DA:1,7
DA:2,7
DA:3,7
DA:5,7
DA:8,7
DA:11,7
DA:12,7
DA:13,7
DA:14,7
DA:15,7
DA:17,7
LF:11
LH:11
BRF:0
BRH:0
end_of_record
TN:
SF:src/routes/atendimentos.js
FNF:0
FNH:0
DA:1,7
DA:2,7
DA:3,7
DA:5,7
DA:8,7
DA:11,7
DA:12,7
DA:13,7
DA:14,7
DA:15,7
DA:17,7
LF:11
LH:11
BRF:0
BRH:0
end_of_record
TN:
SF:src/routes/auth.js
FN:11,(anonymous_0)
FNF:1
FNH:1
FNDA:4,(anonymous_0)
DA:1,7
DA:2,7
DA:3,7
DA:4,7
DA:6,7
DA:8,7
DA:9,7
DA:11,7
DA:12,4
DA:14,4
DA:15,0
DA:18,4
DA:19,1
DA:20,1
DA:23,3
DA:24,3
DA:25,3
DA:26,1
DA:27,1
DA:29,1
DA:30,1
DA:31,1
DA:32,1
DA:34,0
DA:37,2
DA:38,2
DA:39,1
DA:40,1
DA:42,1
DA:43,1
DA:44,1
DA:45,1
DA:47,0
DA:50,1
DA:52,0
DA:56,7
LF:36
LH:32
BRDA:8,0,0,7
BRDA:8,0,1,0
BRDA:9,1,0,7
BRDA:9,1,1,0
BRDA:14,2,0,0
BRDA:14,2,1,4
BRDA:14,3,0,4
BRDA:14,3,1,4
BRDA:18,4,0,1
BRDA:18,4,1,3
BRDA:18,5,0,4
BRDA:18,5,1,1
BRDA:25,6,0,1
BRDA:25,6,1,2
BRDA:27,7,0,0
BRDA:27,7,1,1
BRDA:30,8,0,1
BRDA:30,8,1,0
BRDA:38,9,0,1
BRDA:38,9,1,1
BRDA:40,10,0,0
BRDA:40,10,1,1
BRDA:43,11,0,1
BRDA:43,11,1,0
BRF:24
BRH:17
end_of_record
TN:
SF:src/routes/blockchain.js
FNF:0
FNH:0
DA:1,7
DA:2,7
DA:3,7
DA:5,7
DA:8,7
DA:11,7
DA:14,7
DA:17,7
DA:19,7
LF:9
LH:9
BRF:0
BRH:0
end_of_record
TN:
SF:src/routes/logs.js
FNF:0
FNH:0
DA:1,7
DA:2,7
DA:3,7
DA:5,7
DA:8,7
DA:10,7
LF:6
LH:6
BRF:0
BRH:0
end_of_record
TN:
SF:src/routes/medicos.js
FNF:0
FNH:0
DA:1,7
DA:2,7
DA:3,7
DA:5,7
DA:7,7
DA:9,7
DA:10,7
DA:11,7
DA:12,7
DA:13,7
DA:14,7
DA:15,7
DA:17,7
LF:13
LH:13
BRF:0
BRH:0
end_of_record
TN:
SF:src/routes/pacientes.js
FNF:0
FNH:0
DA:1,7
DA:2,7
DA:3,7
DA:5,7
DA:7,7
DA:8,7
DA:9,7
DA:11,7
DA:12,7
DA:13,7
DA:14,7
DA:15,7
DA:16,7
DA:17,7
DA:19,7
LF:15
LH:15
BRF:0
BRH:0
end_of_record
